<?xml version="1.0" encoding="UTF-8"?>
<!-- Generated by org.testng.reporters.JUnitXMLReporter -->
<testsuite ignored="0" hostname="LAPTOP-IIBVRVE9" failures="1" tests="1" name="Test" time="215.887" errors="0" timestamp="2025-01-05T16:24:26 IST">
  <testcase classname="testCases.TC002_LoginDDT" name="testLoginDDT" time="0.0">
    <failure type="org.testng.TestNGException" message="
Method public void testCases.TC002_LoginDDT.testLoginDDT(java.lang.String,java.lang.String,java.lang.String) throws java.lang.InterruptedException requires a @DataProvider named : Logindata in class utilities.DataProvider">
      <![CDATA[org.testng.TestNGException: 
Method public void testCases.TC002_LoginDDT.testLoginDDT(java.lang.String,java.lang.String,java.lang.String) throws java.lang.InterruptedException requires a @DataProvider named : Logindata in class utilities.DataProvider
at java.base/java.util.ArrayList.forEach(ArrayList.java:1511)
... Removed 24 stack frames]]>
    </failure>
  </testcase> <!-- testLoginDDT -->
</testsuite> <!-- Test -->
