<?xml version="1.0" encoding="UTF-8"?>
<testng-results ignored="0" total="1" passed="1" failed="0" skipped="0">
  <reporter-output>
  </reporter-output>
  <suite started-at="2025-01-11T14:12:00 IST" name="Suite" finished-at="2025-01-11T14:12:32 IST" duration-ms="32307">
    <groups>
    </groups>
    <test started-at="2025-01-11T14:12:00 IST" name="Test" finished-at="2025-01-11T14:12:32 IST" duration-ms="32307">
      <class name="testCases.TC001_LoginPageTest">
        <test-method is-config="true" signature="setUp(java.lang.String,java.lang.String)[pri:0, instance:testCases.TC001_LoginPageTest@81d9a72]" started-at="2025-01-11T14:12:00 IST" name="setUp" finished-at="2025-01-11T14:12:09 IST" duration-ms="8688" status="PASS">
          <params>
            <param index="0">
              <value>
                <![CDATA[Windows]]>
              </value>
            </param>
            <param index="1">
              <value>
                <![CDATA[chrome]]>
              </value>
            </param>
          </params>
          <reporter-output>
          </reporter-output>
        </test-method> <!-- setUp -->
        <test-method signature="testLogin()[pri:0, instance:testCases.TC001_LoginPageTest@81d9a72]" started-at="2025-01-11T14:12:09 IST" name="testLogin" finished-at="2025-01-11T14:12:32 IST" duration-ms="23336" status="PASS">
          <reporter-output>
          </reporter-output>
        </test-method> <!-- testLogin -->
        <test-method is-config="true" signature="tearDown()[pri:0, instance:testCases.TC001_LoginPageTest@81d9a72]" started-at="2025-01-11T14:12:32 IST" name="tearDown" finished-at="2025-01-11T14:12:32 IST" duration-ms="248" status="PASS">
          <reporter-output>
          </reporter-output>
        </test-method> <!-- tearDown -->
      </class> <!-- testCases.TC001_LoginPageTest -->
    </test> <!-- Test -->
  </suite> <!-- Suite -->
</testng-results>
