<?xml version="1.0" encoding="UTF-8"?>
<testng-results ignored="0" total="1" passed="1" failed="0" skipped="0">
  <reporter-output>
  </reporter-output>
  <suite started-at="2025-01-11T14:42:25 IST" name="Suite" finished-at="2025-01-11T14:42:58 IST" duration-ms="32735">
    <groups>
    </groups>
    <test started-at="2025-01-11T14:42:25 IST" name="Test" finished-at="2025-01-11T14:42:58 IST" duration-ms="32735">
      <class name="testCases.TC001_LoginPageTest">
        <test-method is-config="true" signature="setUp(java.lang.String,java.lang.String)[pri:0, instance:testCases.TC001_LoginPageTest@81d9a72]" started-at="2025-01-11T14:42:25 IST" name="setUp" finished-at="2025-01-11T14:42:33 IST" duration-ms="8398" status="PASS">
          <params>
            <param index="0">
              <value>
                <![CDATA[Windows]]>
              </value>
            </param>
            <param index="1">
              <value>
                <![CDATA[chrome]]>
              </value>
            </param>
          </params>
          <reporter-output>
          </reporter-output>
        </test-method> <!-- setUp -->
        <test-method signature="testLogin()[pri:0, instance:testCases.TC001_LoginPageTest@81d9a72]" started-at="2025-01-11T14:42:34 IST" name="testLogin" finished-at="2025-01-11T14:42:58 IST" duration-ms="24025" status="PASS">
          <reporter-output>
          </reporter-output>
        </test-method> <!-- testLogin -->
        <test-method is-config="true" signature="tearDown()[pri:0, instance:testCases.TC001_LoginPageTest@81d9a72]" started-at="2025-01-11T14:42:58 IST" name="tearDown" finished-at="2025-01-11T14:42:58 IST" duration-ms="260" status="PASS">
          <reporter-output>
          </reporter-output>
        </test-method> <!-- tearDown -->
      </class> <!-- testCases.TC001_LoginPageTest -->
    </test> <!-- Test -->
  </suite> <!-- Suite -->
</testng-results>
