<?xml version="1.0" encoding="UTF-8"?>
<testsuite xmlns:xsi="http://www.w3.org/2001/XMLSchema-instance" xsi:noNamespaceSchemaLocation="https://maven.apache.org/surefire/maven-surefire-plugin/xsd/surefire-test-report.xsd" version="3.0.2" name="TestSuite" time="32.935" tests="1" errors="0" skipped="0" failures="0">
  <properties>
[...]
</properties>
  <testcase name="testLogin" classname="testCases.TC001_LoginPageTest" time="23.332">
    <system-out><![CDATA[14:12:00.218 [main] DEBUG org.testng.TestNG - suiteXmlPath: "C:\study\projects\PageObjectModel1\testng.xml"
14:12:02.051 [main] DEBUG io.netty.util.internal.logging.InternalLoggerFactory - Using SLF4J as the default logging framework
14:12:02.055 [main] DEBUG io.netty.util.ResourceLeakDetector - -Dio.netty.leakDetection.level: simple
14:12:02.056 [main] DEBUG io.netty.util.ResourceLeakDetector - -Dio.netty.leakDetection.targetRecords: 4
14:12:02.061 [main] DEBUG io.netty.util.ResourceLeakDetectorFactory - Loaded default ResourceLeakDetector: io.netty.util.ResourceLeakDetector@7ed9ae94
14:12:02.080 [main] DEBUG io.netty.util.internal.PlatformDependent0 - -Dio.netty.noUnsafe: false
14:12:02.081 [main] DEBUG io.netty.util.internal.PlatformDependent0 - Java version: 17
14:12:02.082 [main] DEBUG io.netty.util.internal.PlatformDependent0 - sun.misc.Unsafe.theUnsafe: available
14:12:02.082 [main] DEBUG io.netty.util.internal.PlatformDependent0 - sun.misc.Unsafe.copyMemory: available
14:12:02.082 [main] DEBUG io.netty.util.internal.PlatformDependent0 - sun.misc.Unsafe.storeFence: available
14:12:02.083 [main] DEBUG io.netty.util.internal.PlatformDependent0 - java.nio.Buffer.address: available
14:12:02.085 [main] DEBUG io.netty.util.internal.PlatformDependent0 - direct buffer constructor: unavailable: Reflective setAccessible(true) disabled
14:12:02.086 [main] DEBUG io.netty.util.internal.PlatformDependent0 - java.nio.Bits.unaligned: available, true
14:12:02.088 [main] DEBUG io.netty.util.internal.PlatformDependent0 - jdk.internal.misc.Unsafe.allocateUninitializedArray(int): unavailable: class io.netty.util.internal.PlatformDependent0$7 cannot access class jdk.internal.misc.Unsafe (in module java.base) because module java.base does not export jdk.internal.misc to unnamed module @1a245833
14:12:02.090 [main] DEBUG io.netty.util.internal.PlatformDependent0 - java.nio.DirectByteBuffer.<init>(long, int): unavailable
14:12:02.090 [main] DEBUG io.netty.util.internal.PlatformDependent - sun.misc.Unsafe: available
14:12:02.090 [main] DEBUG io.netty.util.internal.PlatformDependent - maxDirectMemory: 2055208960 bytes (maybe)
14:12:02.091 [main] DEBUG io.netty.util.internal.PlatformDependent - -Dio.netty.tmpdir: C:\Users\TANUSR~1\AppData\Local\Temp (java.io.tmpdir)
14:12:02.091 [main] DEBUG io.netty.util.internal.PlatformDependent - -Dio.netty.bitMode: 64 (sun.arch.data.model)
14:12:02.091 [main] DEBUG io.netty.util.internal.PlatformDependent - Platform: Windows
14:12:02.092 [main] DEBUG io.netty.util.internal.PlatformDependent - -Dio.netty.maxDirectMemory: -1 bytes
14:12:02.092 [main] DEBUG io.netty.util.internal.PlatformDependent - -Dio.netty.uninitializedArrayAllocationThreshold: -1
14:12:02.093 [main] DEBUG io.netty.util.internal.CleanerJava9 - java.nio.ByteBuffer.cleaner(): available
14:12:02.093 [main] DEBUG io.netty.util.internal.PlatformDependent - -Dio.netty.noPreferDirect: false
14:12:02.101 [main] DEBUG io.netty.util.internal.PlatformDependent - org.jctools-core.MpscChunkedArrayQueue: available
14:12:02.126 [main] DEBUG io.netty.util.internal.InternalThreadLocalMap - -Dio.netty.threadLocalMap.stringBuilder.initialSize: 1024
14:12:02.126 [main] DEBUG io.netty.util.internal.InternalThreadLocalMap - -Dio.netty.threadLocalMap.stringBuilder.maxSize: 4096
14:12:02.298 [main] DEBUG io.netty.handler.ssl.JdkSslContext - Default protocols (JDK): [TLSv1.3, TLSv1.2] 
14:12:02.298 [main] DEBUG io.netty.handler.ssl.JdkSslContext - Default cipher suites (JDK): [TLS_ECDHE_ECDSA_WITH_AES_256_GCM_SHA384, TLS_ECDHE_ECDSA_WITH_AES_128_GCM_SHA256, TLS_ECDHE_RSA_WITH_AES_128_GCM_SHA256, TLS_ECDHE_RSA_WITH_AES_256_GCM_SHA384, TLS_ECDHE_RSA_WITH_AES_128_CBC_SHA, TLS_ECDHE_RSA_WITH_AES_256_CBC_SHA, TLS_RSA_WITH_AES_128_GCM_SHA256, TLS_RSA_WITH_AES_128_CBC_SHA, TLS_RSA_WITH_AES_256_CBC_SHA, TLS_AES_128_GCM_SHA256, TLS_AES_256_GCM_SHA384]
14:12:02.312 [main] DEBUG io.netty.util.concurrent.GlobalEventExecutor - -Dio.netty.globalEventExecutor.quietPeriodSeconds: 1
14:12:02.323 [main] DEBUG io.netty.channel.MultithreadEventLoopGroup - -Dio.netty.eventLoopThreads: 8
14:12:02.331 [main] DEBUG io.netty.channel.nio.NioEventLoop - -Dio.netty.noKeySetOptimization: false
14:12:02.332 [main] DEBUG io.netty.channel.nio.NioEventLoop - -Dio.netty.selectorAutoRebuildThreshold: 512
14:12:02.380 [main] DEBUG io.netty.buffer.PooledByteBufAllocator - -Dio.netty.allocator.numHeapArenas: 8
14:12:02.380 [main] DEBUG io.netty.buffer.PooledByteBufAllocator - -Dio.netty.allocator.numDirectArenas: 8
14:12:02.380 [main] DEBUG io.netty.buffer.PooledByteBufAllocator - -Dio.netty.allocator.pageSize: 8192
14:12:02.380 [main] DEBUG io.netty.buffer.PooledByteBufAllocator - -Dio.netty.allocator.maxOrder: 9
14:12:02.380 [main] DEBUG io.netty.buffer.PooledByteBufAllocator - -Dio.netty.allocator.chunkSize: 4194304
14:12:02.380 [main] DEBUG io.netty.buffer.PooledByteBufAllocator - -Dio.netty.allocator.smallCacheSize: 256
14:12:02.380 [main] DEBUG io.netty.buffer.PooledByteBufAllocator - -Dio.netty.allocator.normalCacheSize: 64
14:12:02.380 [main] DEBUG io.netty.buffer.PooledByteBufAllocator - -Dio.netty.allocator.maxCachedBufferCapacity: 32768
14:12:02.380 [main] DEBUG io.netty.buffer.PooledByteBufAllocator - -Dio.netty.allocator.cacheTrimInterval: 8192
14:12:02.380 [main] DEBUG io.netty.buffer.PooledByteBufAllocator - -Dio.netty.allocator.cacheTrimIntervalMillis: 0
14:12:02.380 [main] DEBUG io.netty.buffer.PooledByteBufAllocator - -Dio.netty.allocator.useCacheForAllThreads: false
14:12:02.380 [main] DEBUG io.netty.buffer.PooledByteBufAllocator - -Dio.netty.allocator.maxCachedByteBuffersPerChunk: 1023
14:12:02.390 [main] DEBUG io.netty.buffer.ByteBufUtil - -Dio.netty.allocator.type: pooled
14:12:02.390 [main] DEBUG io.netty.buffer.ByteBufUtil - -Dio.netty.threadLocalDirectBufferSize: 0
14:12:02.390 [main] DEBUG io.netty.buffer.ByteBufUtil - -Dio.netty.maxThreadLocalCharBufferSize: 16384
14:12:02.647 [Forwarding newSession on session null to remote] DEBUG io.netty.channel.DefaultChannelId - -Dio.netty.processId: 17432 (auto-detected)
14:12:02.650 [Forwarding newSession on session null to remote] DEBUG io.netty.util.NetUtil - -Djava.net.preferIPv4Stack: false
14:12:02.650 [Forwarding newSession on session null to remote] DEBUG io.netty.util.NetUtil - -Djava.net.preferIPv6Addresses: false
14:12:02.656 [Forwarding newSession on session null to remote] DEBUG io.netty.util.NetUtilInitializations - Loopback interface: lo (Software Loopback Interface 1, 127.0.0.1)
14:12:02.658 [Forwarding newSession on session null to remote] DEBUG io.netty.util.NetUtil - Failed to get SOMAXCONN from sysctl and file \proc\sys\net\core\somaxconn. Default: 200
14:12:02.671 [Forwarding newSession on session null to remote] DEBUG io.netty.channel.DefaultChannelId - -Dio.netty.machineId: cc:6b:1e:ff:fe:0b:e3:d9 (auto-detected)
14:12:02.734 [AsyncHttpClient-1-2] DEBUG io.netty.buffer.AbstractByteBuf - -Dio.netty.buffer.checkAccessible: true
14:12:02.735 [AsyncHttpClient-1-2] DEBUG io.netty.buffer.AbstractByteBuf - -Dio.netty.buffer.checkBounds: true
14:12:02.735 [AsyncHttpClient-1-2] DEBUG io.netty.util.ResourceLeakDetectorFactory - Loaded default ResourceLeakDetector: io.netty.util.ResourceLeakDetector@3e9b371
14:12:02.752 [AsyncHttpClient-1-2] DEBUG org.asynchttpclient.netty.channel.NettyConnectListener - Using new Channel '[id: 0x73d9fc79, L:/127.0.0.1:52606 - R:localhost/127.0.0.1:22478]' for 'POST' to '/session'
14:12:02.770 [AsyncHttpClient-1-2] DEBUG io.netty.util.Recycler - -Dio.netty.recycler.maxCapacityPerThread: 4096
14:12:02.770 [AsyncHttpClient-1-2] DEBUG io.netty.util.Recycler - -Dio.netty.recycler.ratio: 8
14:12:02.770 [AsyncHttpClient-1-2] DEBUG io.netty.util.Recycler - -Dio.netty.recycler.chunkSize: 32
14:12:02.770 [AsyncHttpClient-1-2] DEBUG io.netty.util.Recycler - -Dio.netty.recycler.blocking: false
14:12:02.770 [AsyncHttpClient-1-2] DEBUG io.netty.util.Recycler - -Dio.netty.recycler.batchFastThreadLocalOnly: true
14:12:03.714 [AsyncHttpClient-1-2] DEBUG io.netty.handler.codec.compression.Brotli - brotli4j not in the classpath; Brotli support will be unavailable.
14:12:03.714 [AsyncHttpClient-1-2] DEBUG org.asynchttpclient.netty.handler.HttpHandler - 

Request DefaultHttpRequest(decodeResult: success, version: HTTP/1.1)
POST /session HTTP/1.1
User-Agent: selenium/4.11.0 (java windows)
Content-Length: 336
Content-Type: application/json; charset=utf-8
host: localhost:22478
accept: */*

Response DefaultHttpResponse(decodeResult: success, version: HTTP/1.1)
HTTP/1.1 200 OK
Content-Length: 886
Content-Type: application/json; charset=utf-8
cache-control: no-cache

14:12:03.731 [AsyncHttpClient-1-2] DEBUG org.asynchttpclient.netty.channel.ChannelManager - Adding key: http://localhost:22478 for channel [id: 0x73d9fc79, L:/127.0.0.1:52606 - R:localhost/127.0.0.1:22478]
14:12:04.025 [AsyncHttpClient-1-3] DEBUG org.asynchttpclient.netty.channel.NettyConnectListener - Using new Channel '[id: 0x7ad460ca, L:/127.0.0.1:52614 - R:localhost/127.0.0.1:52607]' for 'GET' to '/json/version'
14:12:04.030 [AsyncHttpClient-1-3] DEBUG org.asynchttpclient.netty.handler.HttpHandler - 

Request DefaultFullHttpRequest(decodeResult: success, version: HTTP/1.1, content: EmptyByteBufBE)
GET /json/version HTTP/1.1
User-Agent: selenium/4.11.0 (java windows)
host: localhost:52607
accept: */*

Response DefaultHttpResponse(decodeResult: success, version: HTTP/1.1)
HTTP/1.1 200 OK
Content-Security-Policy: frame-ancestors 'none'
Content-Length: 424
Content-Type: application/json; charset=UTF-8

14:12:04.030 [AsyncHttpClient-1-3] DEBUG org.asynchttpclient.netty.channel.ChannelManager - Adding key: http://localhost:52607 for channel [id: 0x7ad460ca, L:/127.0.0.1:52614 - R:localhost/127.0.0.1:52607]
14:12:04.045 [main] DEBUG io.netty.util.internal.ThreadLocalRandom - -Dio.netty.initialSeedUniquifier: 0xa60ac82502070efd
14:12:04.051 [AsyncHttpClient-1-4] DEBUG org.asynchttpclient.netty.channel.NettyConnectListener - Using new Channel '[id: 0xedbf6bef, L:/127.0.0.1:52615 - R:localhost/127.0.0.1:52607]' for 'GET' to '/devtools/browser/c00c978e-5337-49d1-92e0-98193ffee6f3'
14:12:04.055 [AsyncHttpClient-1-4] DEBUG org.asynchttpclient.netty.handler.WebSocketHandler - 

Request DefaultFullHttpRequest(decodeResult: success, version: HTTP/1.1, content: EmptyByteBufBE)
GET /devtools/browser/c00c978e-5337-49d1-92e0-98193ffee6f3 HTTP/1.1
upgrade: websocket
connection: upgrade
sec-websocket-key: rbtAHJ9TBrw65bZWDlsgGw==
sec-websocket-version: 13
origin: http://localhost:52607
host: localhost:52607
accept: */*
user-agent: AHC/2.1

Response DefaultHttpResponse(decodeResult: success, version: HTTP/1.1)
HTTP/1.1 101 WebSocket Protocol Handshake
Upgrade: WebSocket
Connection: Upgrade
Sec-WebSocket-Accept: YAxeFGQblIMAamxSMZBntV6H6JA=

14:12:04.109 [Forwarding deleteAllCookies on session 77c794330aa75f79257c553cf8e8982c to remote] DEBUG org.asynchttpclient.netty.request.NettyRequestSender - Using pooled Channel '[id: 0x73d9fc79, L:/127.0.0.1:52606 - R:localhost/127.0.0.1:22478]' for 'DELETE' to 'http://localhost:22478/session/77c794330aa75f79257c553cf8e8982c/cookie'
14:12:04.111 [Forwarding deleteAllCookies on session 77c794330aa75f79257c553cf8e8982c to remote] DEBUG org.asynchttpclient.netty.request.NettyRequestSender - Using open Channel [id: 0x73d9fc79, L:/127.0.0.1:52606 - R:localhost/127.0.0.1:22478] for DELETE '/session/77c794330aa75f79257c553cf8e8982c/cookie'
14:12:04.126 [AsyncHttpClient-1-2] DEBUG org.asynchttpclient.netty.handler.HttpHandler - 

Request DefaultFullHttpRequest(decodeResult: success, version: HTTP/1.1, content: EmptyByteBufBE)
DELETE /session/77c794330aa75f79257c553cf8e8982c/cookie HTTP/1.1
User-Agent: selenium/4.11.0 (java windows)
Content-Type: application/json; charset=utf-8
host: localhost:22478
accept: */*

Response DefaultHttpResponse(decodeResult: success, version: HTTP/1.1)
HTTP/1.1 200 OK
Content-Length: 14
Content-Type: application/json; charset=utf-8
cache-control: no-cache

14:12:04.127 [AsyncHttpClient-1-2] DEBUG org.asynchttpclient.netty.channel.ChannelManager - Adding key: http://localhost:22478 for channel [id: 0x73d9fc79, L:/127.0.0.1:52606 - R:localhost/127.0.0.1:22478]
14:12:04.134 [Forwarding maximizeCurrentWindow on session 77c794330aa75f79257c553cf8e8982c to remote] DEBUG org.asynchttpclient.netty.request.NettyRequestSender - Using pooled Channel '[id: 0x73d9fc79, L:/127.0.0.1:52606 - R:localhost/127.0.0.1:22478]' for 'POST' to 'http://localhost:22478/session/77c794330aa75f79257c553cf8e8982c/window/maximize'
14:12:04.134 [Forwarding maximizeCurrentWindow on session 77c794330aa75f79257c553cf8e8982c to remote] DEBUG org.asynchttpclient.netty.request.NettyRequestSender - Using open Channel [id: 0x73d9fc79, L:/127.0.0.1:52606 - R:localhost/127.0.0.1:22478] for POST '/session/77c794330aa75f79257c553cf8e8982c/window/maximize'
14:12:04.206 [AsyncHttpClient-1-2] DEBUG org.asynchttpclient.netty.handler.HttpHandler - 

Request DefaultHttpRequest(decodeResult: success, version: HTTP/1.1)
POST /session/77c794330aa75f79257c553cf8e8982c/window/maximize HTTP/1.1
User-Agent: selenium/4.11.0 (java windows)
Content-Length: 3
Content-Type: application/json; charset=utf-8
host: localhost:22478
accept: */*

Response DefaultHttpResponse(decodeResult: success, version: HTTP/1.1)
HTTP/1.1 200 OK
Content-Length: 51
Content-Type: application/json; charset=utf-8
cache-control: no-cache

14:12:04.207 [AsyncHttpClient-1-2] DEBUG org.asynchttpclient.netty.channel.ChannelManager - Adding key: http://localhost:22478 for channel [id: 0x73d9fc79, L:/127.0.0.1:52606 - R:localhost/127.0.0.1:22478]
14:12:04.209 [Forwarding setTimeout on session 77c794330aa75f79257c553cf8e8982c to remote] DEBUG org.asynchttpclient.netty.request.NettyRequestSender - Using pooled Channel '[id: 0x73d9fc79, L:/127.0.0.1:52606 - R:localhost/127.0.0.1:22478]' for 'POST' to 'http://localhost:22478/session/77c794330aa75f79257c553cf8e8982c/timeouts'
14:12:04.210 [Forwarding setTimeout on session 77c794330aa75f79257c553cf8e8982c to remote] DEBUG org.asynchttpclient.netty.request.NettyRequestSender - Using open Channel [id: 0x73d9fc79, L:/127.0.0.1:52606 - R:localhost/127.0.0.1:22478] for POST '/session/77c794330aa75f79257c553cf8e8982c/timeouts'
14:12:04.213 [AsyncHttpClient-1-2] DEBUG org.asynchttpclient.netty.handler.HttpHandler - 

Request DefaultHttpRequest(decodeResult: success, version: HTTP/1.1)
POST /session/77c794330aa75f79257c553cf8e8982c/timeouts HTTP/1.1
User-Agent: selenium/4.11.0 (java windows)
Content-Length: 23
Content-Type: application/json; charset=utf-8
host: localhost:22478
accept: */*

Response DefaultHttpResponse(decodeResult: success, version: HTTP/1.1)
HTTP/1.1 200 OK
Content-Length: 14
Content-Type: application/json; charset=utf-8
cache-control: no-cache

14:12:04.214 [AsyncHttpClient-1-2] DEBUG org.asynchttpclient.netty.channel.ChannelManager - Adding key: http://localhost:22478 for channel [id: 0x73d9fc79, L:/127.0.0.1:52606 - R:localhost/127.0.0.1:22478]
14:12:04.219 [Forwarding get on session 77c794330aa75f79257c553cf8e8982c to remote] DEBUG org.asynchttpclient.netty.request.NettyRequestSender - Using pooled Channel '[id: 0x73d9fc79, L:/127.0.0.1:52606 - R:localhost/127.0.0.1:22478]' for 'POST' to 'http://localhost:22478/session/77c794330aa75f79257c553cf8e8982c/url'
14:12:04.219 [Forwarding get on session 77c794330aa75f79257c553cf8e8982c to remote] DEBUG org.asynchttpclient.netty.request.NettyRequestSender - Using open Channel [id: 0x73d9fc79, L:/127.0.0.1:52606 - R:localhost/127.0.0.1:22478] for POST '/session/77c794330aa75f79257c553cf8e8982c/url'
14:12:04.507 [AsyncHttpClient-1-1] DEBUG org.asynchttpclient.netty.channel.DefaultChannelPool - Entry count for : http://localhost:52607 : 1
14:12:05.608 [AsyncHttpClient-1-1] DEBUG org.asynchttpclient.netty.channel.DefaultChannelPool - Entry count for : http://localhost:52607 : 1
14:12:06.160 [AsyncHttpClient-1-2] DEBUG org.asynchttpclient.netty.handler.HttpHandler - 

Request DefaultHttpRequest(decodeResult: success, version: HTTP/1.1)
POST /session/77c794330aa75f79257c553cf8e8982c/url HTTP/1.1
User-Agent: selenium/4.11.0 (java windows)
Content-Length: 67
Content-Type: application/json; charset=utf-8
host: localhost:22478
accept: */*

Response DefaultHttpResponse(decodeResult: success, version: HTTP/1.1)
HTTP/1.1 200 OK
Content-Length: 14
Content-Type: application/json; charset=utf-8
cache-control: no-cache

14:12:06.161 [AsyncHttpClient-1-2] DEBUG org.asynchttpclient.netty.channel.ChannelManager - Adding key: http://localhost:22478 for channel [id: 0x73d9fc79, L:/127.0.0.1:52606 - R:localhost/127.0.0.1:22478]
14:12:06.715 [AsyncHttpClient-1-1] DEBUG org.asynchttpclient.netty.channel.DefaultChannelPool - Entry count for : http://localhost:52607 : 1
14:12:06.716 [AsyncHttpClient-1-1] DEBUG org.asynchttpclient.netty.channel.DefaultChannelPool - Entry count for : http://localhost:22478 : 1
14:12:07.809 [AsyncHttpClient-1-1] DEBUG org.asynchttpclient.netty.channel.DefaultChannelPool - Entry count for : http://localhost:52607 : 1
14:12:07.809 [AsyncHttpClient-1-1] DEBUG org.asynchttpclient.netty.channel.DefaultChannelPool - Entry count for : http://localhost:22478 : 1
14:12:08.911 [AsyncHttpClient-1-1] DEBUG org.asynchttpclient.netty.channel.DefaultChannelPool - Entry count for : http://localhost:52607 : 1
14:12:08.911 [AsyncHttpClient-1-1] DEBUG org.asynchttpclient.netty.channel.DefaultChannelPool - Entry count for : http://localhost:22478 : 1
[INFO ] 2025-01-11 14:12:09.199 [main] TC001_LoginPageTest - ************* Test Execution started ************
14:12:09.236 [Forwarding findElement on session 77c794330aa75f79257c553cf8e8982c to remote] DEBUG org.asynchttpclient.netty.request.NettyRequestSender - Using pooled Channel '[id: 0x73d9fc79, L:/127.0.0.1:52606 - R:localhost/127.0.0.1:22478]' for 'POST' to 'http://localhost:22478/session/77c794330aa75f79257c553cf8e8982c/element'
14:12:09.236 [Forwarding findElement on session 77c794330aa75f79257c553cf8e8982c to remote] DEBUG org.asynchttpclient.netty.request.NettyRequestSender - Using open Channel [id: 0x73d9fc79, L:/127.0.0.1:52606 - R:localhost/127.0.0.1:22478] for POST '/session/77c794330aa75f79257c553cf8e8982c/element'
14:12:09.269 [AsyncHttpClient-1-2] DEBUG org.asynchttpclient.netty.handler.HttpHandler - 

Request DefaultHttpRequest(decodeResult: success, version: HTTP/1.1)
POST /session/77c794330aa75f79257c553cf8e8982c/element HTTP/1.1
User-Agent: selenium/4.11.0 (java windows)
Content-Length: 71
Content-Type: application/json; charset=utf-8
host: localhost:22478
accept: */*

Response DefaultHttpResponse(decodeResult: success, version: HTTP/1.1)
HTTP/1.1 200 OK
Content-Length: 126
Content-Type: application/json; charset=utf-8
cache-control: no-cache

14:12:09.270 [AsyncHttpClient-1-2] DEBUG org.asynchttpclient.netty.channel.ChannelManager - Adding key: http://localhost:22478 for channel [id: 0x73d9fc79, L:/127.0.0.1:52606 - R:localhost/127.0.0.1:22478]
14:12:09.275 [Forwarding clickElement on session 77c794330aa75f79257c553cf8e8982c to remote] DEBUG org.asynchttpclient.netty.request.NettyRequestSender - Using pooled Channel '[id: 0x73d9fc79, L:/127.0.0.1:52606 - R:localhost/127.0.0.1:22478]' for 'POST' to 'http://localhost:22478/session/77c794330aa75f79257c553cf8e8982c/element/f.C9DAA99C4E3E9CED35289EC30FAB0FE5.d.454CE9F53044B0D8A3A33A8C78B68FC2.e.52/click'
14:12:09.275 [Forwarding clickElement on session 77c794330aa75f79257c553cf8e8982c to remote] DEBUG org.asynchttpclient.netty.request.NettyRequestSender - Using open Channel [id: 0x73d9fc79, L:/127.0.0.1:52606 - R:localhost/127.0.0.1:22478] for POST '/session/77c794330aa75f79257c553cf8e8982c/element/f.C9DAA99C4E3E9CED35289EC30FAB0FE5.d.454CE9F53044B0D8A3A33A8C78B68FC2.e.52/click'
14:12:09.355 [AsyncHttpClient-1-2] DEBUG org.asynchttpclient.netty.handler.HttpHandler - 

Request DefaultHttpRequest(decodeResult: success, version: HTTP/1.1)
POST /session/77c794330aa75f79257c553cf8e8982c/element/f.C9DAA99C4E3E9CED35289EC30FAB0FE5.d.454CE9F53044B0D8A3A33A8C78B68FC2.e.52/click HTTP/1.1
User-Agent: selenium/4.11.0 (java windows)
Content-Length: 88
Content-Type: application/json; charset=utf-8
host: localhost:22478
accept: */*

Response DefaultHttpResponse(decodeResult: success, version: HTTP/1.1)
HTTP/1.1 200 OK
Content-Length: 14
Content-Type: application/json; charset=utf-8
cache-control: no-cache

14:12:09.355 [AsyncHttpClient-1-2] DEBUG org.asynchttpclient.netty.channel.ChannelManager - Adding key: http://localhost:22478 for channel [id: 0x73d9fc79, L:/127.0.0.1:52606 - R:localhost/127.0.0.1:22478]
14:12:09.358 [Forwarding findElement on session 77c794330aa75f79257c553cf8e8982c to remote] DEBUG org.asynchttpclient.netty.request.NettyRequestSender - Using pooled Channel '[id: 0x73d9fc79, L:/127.0.0.1:52606 - R:localhost/127.0.0.1:22478]' for 'POST' to 'http://localhost:22478/session/77c794330aa75f79257c553cf8e8982c/element'
14:12:09.359 [Forwarding findElement on session 77c794330aa75f79257c553cf8e8982c to remote] DEBUG org.asynchttpclient.netty.request.NettyRequestSender - Using open Channel [id: 0x73d9fc79, L:/127.0.0.1:52606 - R:localhost/127.0.0.1:22478] for POST '/session/77c794330aa75f79257c553cf8e8982c/element'
14:12:09.375 [AsyncHttpClient-1-2] DEBUG org.asynchttpclient.netty.handler.HttpHandler - 

Request DefaultHttpRequest(decodeResult: success, version: HTTP/1.1)
POST /session/77c794330aa75f79257c553cf8e8982c/element HTTP/1.1
User-Agent: selenium/4.11.0 (java windows)
Content-Length: 140
Content-Type: application/json; charset=utf-8
host: localhost:22478
accept: */*

Response DefaultHttpResponse(decodeResult: success, version: HTTP/1.1)
HTTP/1.1 200 OK
Content-Length: 126
Content-Type: application/json; charset=utf-8
cache-control: no-cache

14:12:09.376 [AsyncHttpClient-1-2] DEBUG org.asynchttpclient.netty.channel.ChannelManager - Adding key: http://localhost:22478 for channel [id: 0x73d9fc79, L:/127.0.0.1:52606 - R:localhost/127.0.0.1:22478]
14:12:09.381 [Forwarding clickElement on session 77c794330aa75f79257c553cf8e8982c to remote] DEBUG org.asynchttpclient.netty.request.NettyRequestSender - Using pooled Channel '[id: 0x73d9fc79, L:/127.0.0.1:52606 - R:localhost/127.0.0.1:22478]' for 'POST' to 'http://localhost:22478/session/77c794330aa75f79257c553cf8e8982c/element/f.C9DAA99C4E3E9CED35289EC30FAB0FE5.d.454CE9F53044B0D8A3A33A8C78B68FC2.e.54/click'
14:12:09.381 [Forwarding clickElement on session 77c794330aa75f79257c553cf8e8982c to remote] DEBUG org.asynchttpclient.netty.request.NettyRequestSender - Using open Channel [id: 0x73d9fc79, L:/127.0.0.1:52606 - R:localhost/127.0.0.1:22478] for POST '/session/77c794330aa75f79257c553cf8e8982c/element/f.C9DAA99C4E3E9CED35289EC30FAB0FE5.d.454CE9F53044B0D8A3A33A8C78B68FC2.e.54/click'
14:12:10.011 [AsyncHttpClient-1-1] DEBUG org.asynchttpclient.netty.channel.DefaultChannelPool - Entry count for : http://localhost:52607 : 1
14:12:10.026 [AsyncHttpClient-1-2] DEBUG org.asynchttpclient.netty.handler.HttpHandler - 

Request DefaultHttpRequest(decodeResult: success, version: HTTP/1.1)
POST /session/77c794330aa75f79257c553cf8e8982c/element/f.C9DAA99C4E3E9CED35289EC30FAB0FE5.d.454CE9F53044B0D8A3A33A8C78B68FC2.e.54/click HTTP/1.1
User-Agent: selenium/4.11.0 (java windows)
Content-Length: 88
Content-Type: application/json; charset=utf-8
host: localhost:22478
accept: */*

Response DefaultHttpResponse(decodeResult: success, version: HTTP/1.1)
HTTP/1.1 200 OK
Content-Length: 14
Content-Type: application/json; charset=utf-8
cache-control: no-cache

14:12:10.026 [AsyncHttpClient-1-2] DEBUG org.asynchttpclient.netty.channel.ChannelManager - Adding key: http://localhost:22478 for channel [id: 0x73d9fc79, L:/127.0.0.1:52606 - R:localhost/127.0.0.1:22478]
14:12:10.033 [Forwarding findElement on session 77c794330aa75f79257c553cf8e8982c to remote] DEBUG org.asynchttpclient.netty.request.NettyRequestSender - Using pooled Channel '[id: 0x73d9fc79, L:/127.0.0.1:52606 - R:localhost/127.0.0.1:22478]' for 'POST' to 'http://localhost:22478/session/77c794330aa75f79257c553cf8e8982c/element'
14:12:10.033 [Forwarding findElement on session 77c794330aa75f79257c553cf8e8982c to remote] DEBUG org.asynchttpclient.netty.request.NettyRequestSender - Using open Channel [id: 0x73d9fc79, L:/127.0.0.1:52606 - R:localhost/127.0.0.1:22478] for POST '/session/77c794330aa75f79257c553cf8e8982c/element'
14:12:10.045 [AsyncHttpClient-1-2] DEBUG org.asynchttpclient.netty.handler.HttpHandler - 

Request DefaultHttpRequest(decodeResult: success, version: HTTP/1.1)
POST /session/77c794330aa75f79257c553cf8e8982c/element HTTP/1.1
User-Agent: selenium/4.11.0 (java windows)
Content-Length: 85
Content-Type: application/json; charset=utf-8
host: localhost:22478
accept: */*

Response DefaultHttpResponse(decodeResult: success, version: HTTP/1.1)
HTTP/1.1 200 OK
Content-Length: 126
Content-Type: application/json; charset=utf-8
cache-control: no-cache

14:12:10.045 [AsyncHttpClient-1-2] DEBUG org.asynchttpclient.netty.channel.ChannelManager - Adding key: http://localhost:22478 for channel [id: 0x73d9fc79, L:/127.0.0.1:52606 - R:localhost/127.0.0.1:22478]
14:12:10.048 [Forwarding sendKeysToElement on session 77c794330aa75f79257c553cf8e8982c to remote] DEBUG org.asynchttpclient.netty.request.NettyRequestSender - Using pooled Channel '[id: 0x73d9fc79, L:/127.0.0.1:52606 - R:localhost/127.0.0.1:22478]' for 'POST' to 'http://localhost:22478/session/77c794330aa75f79257c553cf8e8982c/element/f.C9DAA99C4E3E9CED35289EC30FAB0FE5.d.072213A31DC1EB051F9B1AE46CC3E52E.e.55/value'
14:12:10.048 [Forwarding sendKeysToElement on session 77c794330aa75f79257c553cf8e8982c to remote] DEBUG org.asynchttpclient.netty.request.NettyRequestSender - Using open Channel [id: 0x73d9fc79, L:/127.0.0.1:52606 - R:localhost/127.0.0.1:22478] for POST '/session/77c794330aa75f79257c553cf8e8982c/element/f.C9DAA99C4E3E9CED35289EC30FAB0FE5.d.072213A31DC1EB051F9B1AE46CC3E52E.e.55/value'
14:12:10.133 [AsyncHttpClient-1-2] DEBUG org.asynchttpclient.netty.handler.HttpHandler - 

Request DefaultHttpRequest(decodeResult: success, version: HTTP/1.1)
POST /session/77c794330aa75f79257c553cf8e8982c/element/f.C9DAA99C4E3E9CED35289EC30FAB0FE5.d.072213A31DC1EB051F9B1AE46CC3E52E.e.55/value HTTP/1.1
User-Agent: selenium/4.11.0 (java windows)
Content-Length: 299
Content-Type: application/json; charset=utf-8
host: localhost:22478
accept: */*

Response DefaultHttpResponse(decodeResult: success, version: HTTP/1.1)
HTTP/1.1 200 OK
Content-Length: 14
Content-Type: application/json; charset=utf-8
cache-control: no-cache

14:12:10.133 [AsyncHttpClient-1-2] DEBUG org.asynchttpclient.netty.channel.ChannelManager - Adding key: http://localhost:22478 for channel [id: 0x73d9fc79, L:/127.0.0.1:52606 - R:localhost/127.0.0.1:22478]
14:12:10.134 [Forwarding findElement on session 77c794330aa75f79257c553cf8e8982c to remote] DEBUG org.asynchttpclient.netty.request.NettyRequestSender - Using pooled Channel '[id: 0x73d9fc79, L:/127.0.0.1:52606 - R:localhost/127.0.0.1:22478]' for 'POST' to 'http://localhost:22478/session/77c794330aa75f79257c553cf8e8982c/element'
14:12:10.134 [Forwarding findElement on session 77c794330aa75f79257c553cf8e8982c to remote] DEBUG org.asynchttpclient.netty.request.NettyRequestSender - Using open Channel [id: 0x73d9fc79, L:/127.0.0.1:52606 - R:localhost/127.0.0.1:22478] for POST '/session/77c794330aa75f79257c553cf8e8982c/element'
14:12:10.145 [AsyncHttpClient-1-2] DEBUG org.asynchttpclient.netty.handler.HttpHandler - 

Request DefaultHttpRequest(decodeResult: success, version: HTTP/1.1)
POST /session/77c794330aa75f79257c553cf8e8982c/element HTTP/1.1
User-Agent: selenium/4.11.0 (java windows)
Content-Length: 79
Content-Type: application/json; charset=utf-8
host: localhost:22478
accept: */*

Response DefaultHttpResponse(decodeResult: success, version: HTTP/1.1)
HTTP/1.1 200 OK
Content-Length: 126
Content-Type: application/json; charset=utf-8
cache-control: no-cache

14:12:10.146 [AsyncHttpClient-1-2] DEBUG org.asynchttpclient.netty.channel.ChannelManager - Adding key: http://localhost:22478 for channel [id: 0x73d9fc79, L:/127.0.0.1:52606 - R:localhost/127.0.0.1:22478]
14:12:10.148 [Forwarding sendKeysToElement on session 77c794330aa75f79257c553cf8e8982c to remote] DEBUG org.asynchttpclient.netty.request.NettyRequestSender - Using pooled Channel '[id: 0x73d9fc79, L:/127.0.0.1:52606 - R:localhost/127.0.0.1:22478]' for 'POST' to 'http://localhost:22478/session/77c794330aa75f79257c553cf8e8982c/element/f.C9DAA99C4E3E9CED35289EC30FAB0FE5.d.072213A31DC1EB051F9B1AE46CC3E52E.e.57/value'
14:12:10.148 [Forwarding sendKeysToElement on session 77c794330aa75f79257c553cf8e8982c to remote] DEBUG org.asynchttpclient.netty.request.NettyRequestSender - Using open Channel [id: 0x73d9fc79, L:/127.0.0.1:52606 - R:localhost/127.0.0.1:22478] for POST '/session/77c794330aa75f79257c553cf8e8982c/element/f.C9DAA99C4E3E9CED35289EC30FAB0FE5.d.072213A31DC1EB051F9B1AE46CC3E52E.e.57/value'
14:12:10.188 [AsyncHttpClient-1-2] DEBUG org.asynchttpclient.netty.handler.HttpHandler - 

Request DefaultHttpRequest(decodeResult: success, version: HTTP/1.1)
POST /session/77c794330aa75f79257c553cf8e8982c/element/f.C9DAA99C4E3E9CED35289EC30FAB0FE5.d.072213A31DC1EB051F9B1AE46CC3E52E.e.57/value HTTP/1.1
User-Agent: selenium/4.11.0 (java windows)
Content-Length: 159
Content-Type: application/json; charset=utf-8
host: localhost:22478
accept: */*

Response DefaultHttpResponse(decodeResult: success, version: HTTP/1.1)
HTTP/1.1 200 OK
Content-Length: 14
Content-Type: application/json; charset=utf-8
cache-control: no-cache

14:12:10.189 [AsyncHttpClient-1-2] DEBUG org.asynchttpclient.netty.channel.ChannelManager - Adding key: http://localhost:22478 for channel [id: 0x73d9fc79, L:/127.0.0.1:52606 - R:localhost/127.0.0.1:22478]
14:12:11.106 [AsyncHttpClient-1-1] DEBUG org.asynchttpclient.netty.channel.DefaultChannelPool - Entry count for : http://localhost:52607 : 1
14:12:11.107 [AsyncHttpClient-1-1] DEBUG org.asynchttpclient.netty.channel.DefaultChannelPool - Entry count for : http://localhost:22478 : 1
14:12:12.207 [AsyncHttpClient-1-1] DEBUG org.asynchttpclient.netty.channel.DefaultChannelPool - Entry count for : http://localhost:52607 : 1
14:12:12.208 [AsyncHttpClient-1-1] DEBUG org.asynchttpclient.netty.channel.DefaultChannelPool - Entry count for : http://localhost:22478 : 1
14:12:13.308 [AsyncHttpClient-1-1] DEBUG org.asynchttpclient.netty.channel.DefaultChannelPool - Entry count for : http://localhost:52607 : 1
14:12:13.308 [AsyncHttpClient-1-1] DEBUG org.asynchttpclient.netty.channel.DefaultChannelPool - Entry count for : http://localhost:22478 : 1
14:12:14.407 [AsyncHttpClient-1-1] DEBUG org.asynchttpclient.netty.channel.DefaultChannelPool - Entry count for : http://localhost:52607 : 1
14:12:14.407 [AsyncHttpClient-1-1] DEBUG org.asynchttpclient.netty.channel.DefaultChannelPool - Entry count for : http://localhost:22478 : 1
14:12:15.199 [Forwarding findElement on session 77c794330aa75f79257c553cf8e8982c to remote] DEBUG org.asynchttpclient.netty.request.NettyRequestSender - Using pooled Channel '[id: 0x73d9fc79, L:/127.0.0.1:52606 - R:localhost/127.0.0.1:22478]' for 'POST' to 'http://localhost:22478/session/77c794330aa75f79257c553cf8e8982c/element'
14:12:15.201 [Forwarding findElement on session 77c794330aa75f79257c553cf8e8982c to remote] DEBUG org.asynchttpclient.netty.request.NettyRequestSender - Using open Channel [id: 0x73d9fc79, L:/127.0.0.1:52606 - R:localhost/127.0.0.1:22478] for POST '/session/77c794330aa75f79257c553cf8e8982c/element'
14:12:15.225 [AsyncHttpClient-1-2] DEBUG org.asynchttpclient.netty.handler.HttpHandler - 

Request DefaultHttpRequest(decodeResult: success, version: HTTP/1.1)
POST /session/77c794330aa75f79257c553cf8e8982c/element HTTP/1.1
User-Agent: selenium/4.11.0 (java windows)
Content-Length: 70
Content-Type: application/json; charset=utf-8
host: localhost:22478
accept: */*

Response DefaultHttpResponse(decodeResult: success, version: HTTP/1.1)
HTTP/1.1 200 OK
Content-Length: 126
Content-Type: application/json; charset=utf-8
cache-control: no-cache

14:12:15.227 [AsyncHttpClient-1-2] DEBUG org.asynchttpclient.netty.channel.ChannelManager - Adding key: http://localhost:22478 for channel [id: 0x73d9fc79, L:/127.0.0.1:52606 - R:localhost/127.0.0.1:22478]
14:12:15.229 [Forwarding clickElement on session 77c794330aa75f79257c553cf8e8982c to remote] DEBUG org.asynchttpclient.netty.request.NettyRequestSender - Using pooled Channel '[id: 0x73d9fc79, L:/127.0.0.1:52606 - R:localhost/127.0.0.1:22478]' for 'POST' to 'http://localhost:22478/session/77c794330aa75f79257c553cf8e8982c/element/f.C9DAA99C4E3E9CED35289EC30FAB0FE5.d.072213A31DC1EB051F9B1AE46CC3E52E.e.66/click'
14:12:15.230 [Forwarding clickElement on session 77c794330aa75f79257c553cf8e8982c to remote] DEBUG org.asynchttpclient.netty.request.NettyRequestSender - Using open Channel [id: 0x73d9fc79, L:/127.0.0.1:52606 - R:localhost/127.0.0.1:22478] for POST '/session/77c794330aa75f79257c553cf8e8982c/element/f.C9DAA99C4E3E9CED35289EC30FAB0FE5.d.072213A31DC1EB051F9B1AE46CC3E52E.e.66/click'
14:12:15.510 [AsyncHttpClient-1-1] DEBUG org.asynchttpclient.netty.channel.DefaultChannelPool - Entry count for : http://localhost:52607 : 1
14:12:16.459 [AsyncHttpClient-1-2] DEBUG org.asynchttpclient.netty.handler.HttpHandler - 

Request DefaultHttpRequest(decodeResult: success, version: HTTP/1.1)
POST /session/77c794330aa75f79257c553cf8e8982c/element/f.C9DAA99C4E3E9CED35289EC30FAB0FE5.d.072213A31DC1EB051F9B1AE46CC3E52E.e.66/click HTTP/1.1
User-Agent: selenium/4.11.0 (java windows)
Content-Length: 88
Content-Type: application/json; charset=utf-8
host: localhost:22478
accept: */*

Response DefaultHttpResponse(decodeResult: success, version: HTTP/1.1)
HTTP/1.1 200 OK
Content-Length: 14
Content-Type: application/json; charset=utf-8
cache-control: no-cache

14:12:16.462 [AsyncHttpClient-1-2] DEBUG org.asynchttpclient.netty.channel.ChannelManager - Adding key: http://localhost:22478 for channel [id: 0x73d9fc79, L:/127.0.0.1:52606 - R:localhost/127.0.0.1:22478]
[INFO ] 2025-01-11 14:12:16.463 [main] TC001_LoginPageTest - ************* Successfully Logged in ************
14:12:16.464 [Forwarding getTitle on session 77c794330aa75f79257c553cf8e8982c to remote] DEBUG org.asynchttpclient.netty.request.NettyRequestSender - Using pooled Channel '[id: 0x73d9fc79, L:/127.0.0.1:52606 - R:localhost/127.0.0.1:22478]' for 'GET' to 'http://localhost:22478/session/77c794330aa75f79257c553cf8e8982c/title'
14:12:16.465 [Forwarding getTitle on session 77c794330aa75f79257c553cf8e8982c to remote] DEBUG org.asynchttpclient.netty.request.NettyRequestSender - Using open Channel [id: 0x73d9fc79, L:/127.0.0.1:52606 - R:localhost/127.0.0.1:22478] for GET '/session/77c794330aa75f79257c553cf8e8982c/title'
14:12:16.473 [AsyncHttpClient-1-2] DEBUG org.asynchttpclient.netty.handler.HttpHandler - 

Request DefaultFullHttpRequest(decodeResult: success, version: HTTP/1.1, content: EmptyByteBufBE)
GET /session/77c794330aa75f79257c553cf8e8982c/title HTTP/1.1
User-Agent: selenium/4.11.0 (java windows)
Cache-Control: no-cache
Content-Type: application/json; charset=utf-8
host: localhost:22478
accept: */*

Response DefaultHttpResponse(decodeResult: success, version: HTTP/1.1)
HTTP/1.1 200 OK
Content-Length: 22
Content-Type: application/json; charset=utf-8
cache-control: no-cache

14:12:16.473 [AsyncHttpClient-1-2] DEBUG org.asynchttpclient.netty.channel.ChannelManager - Adding key: http://localhost:22478 for channel [id: 0x73d9fc79, L:/127.0.0.1:52606 - R:localhost/127.0.0.1:22478]
getTitle ======= My Account
14:12:16.474 [Forwarding getTitle on session 77c794330aa75f79257c553cf8e8982c to remote] DEBUG org.asynchttpclient.netty.request.NettyRequestSender - Using pooled Channel '[id: 0x73d9fc79, L:/127.0.0.1:52606 - R:localhost/127.0.0.1:22478]' for 'GET' to 'http://localhost:22478/session/77c794330aa75f79257c553cf8e8982c/title'
14:12:16.474 [Forwarding getTitle on session 77c794330aa75f79257c553cf8e8982c to remote] DEBUG org.asynchttpclient.netty.request.NettyRequestSender - Using open Channel [id: 0x73d9fc79, L:/127.0.0.1:52606 - R:localhost/127.0.0.1:22478] for GET '/session/77c794330aa75f79257c553cf8e8982c/title'
14:12:16.481 [AsyncHttpClient-1-2] DEBUG org.asynchttpclient.netty.handler.HttpHandler - 

Request DefaultFullHttpRequest(decodeResult: success, version: HTTP/1.1, content: EmptyByteBufBE)
GET /session/77c794330aa75f79257c553cf8e8982c/title HTTP/1.1
User-Agent: selenium/4.11.0 (java windows)
Cache-Control: no-cache
Content-Type: application/json; charset=utf-8
host: localhost:22478
accept: */*

Response DefaultHttpResponse(decodeResult: success, version: HTTP/1.1)
HTTP/1.1 200 OK
Content-Length: 22
Content-Type: application/json; charset=utf-8
cache-control: no-cache

14:12:16.481 [AsyncHttpClient-1-2] DEBUG org.asynchttpclient.netty.channel.ChannelManager - Adding key: http://localhost:22478 for channel [id: 0x73d9fc79, L:/127.0.0.1:52606 - R:localhost/127.0.0.1:22478]
14:12:16.617 [AsyncHttpClient-1-1] DEBUG org.asynchttpclient.netty.channel.DefaultChannelPool - Entry count for : http://localhost:52607 : 1
14:12:16.617 [AsyncHttpClient-1-1] DEBUG org.asynchttpclient.netty.channel.DefaultChannelPool - Entry count for : http://localhost:22478 : 1
14:12:17.706 [AsyncHttpClient-1-1] DEBUG org.asynchttpclient.netty.channel.DefaultChannelPool - Entry count for : http://localhost:52607 : 1
14:12:17.706 [AsyncHttpClient-1-1] DEBUG org.asynchttpclient.netty.channel.DefaultChannelPool - Entry count for : http://localhost:22478 : 1
14:12:18.812 [AsyncHttpClient-1-1] DEBUG org.asynchttpclient.netty.channel.DefaultChannelPool - Entry count for : http://localhost:52607 : 1
14:12:18.812 [AsyncHttpClient-1-1] DEBUG org.asynchttpclient.netty.channel.DefaultChannelPool - Entry count for : http://localhost:22478 : 1
14:12:19.913 [AsyncHttpClient-1-1] DEBUG org.asynchttpclient.netty.channel.DefaultChannelPool - Entry count for : http://localhost:52607 : 1
14:12:19.913 [AsyncHttpClient-1-1] DEBUG org.asynchttpclient.netty.channel.DefaultChannelPool - Entry count for : http://localhost:22478 : 1
14:12:21.008 [AsyncHttpClient-1-1] DEBUG org.asynchttpclient.netty.channel.DefaultChannelPool - Entry count for : http://localhost:52607 : 1
14:12:21.008 [AsyncHttpClient-1-1] DEBUG org.asynchttpclient.netty.channel.DefaultChannelPool - Entry count for : http://localhost:22478 : 1
14:12:22.112 [AsyncHttpClient-1-1] DEBUG org.asynchttpclient.netty.channel.DefaultChannelPool - Entry count for : http://localhost:52607 : 1
14:12:22.119 [AsyncHttpClient-1-1] DEBUG org.asynchttpclient.netty.channel.DefaultChannelPool - Entry count for : http://localhost:22478 : 1
14:12:23.210 [AsyncHttpClient-1-1] DEBUG org.asynchttpclient.netty.channel.DefaultChannelPool - Entry count for : http://localhost:52607 : 1
14:12:23.210 [AsyncHttpClient-1-1] DEBUG org.asynchttpclient.netty.channel.DefaultChannelPool - Entry count for : http://localhost:22478 : 1
14:12:24.308 [AsyncHttpClient-1-1] DEBUG org.asynchttpclient.netty.channel.DefaultChannelPool - Entry count for : http://localhost:52607 : 1
14:12:24.308 [AsyncHttpClient-1-1] DEBUG org.asynchttpclient.netty.channel.DefaultChannelPool - Entry count for : http://localhost:22478 : 1
14:12:25.408 [AsyncHttpClient-1-1] DEBUG org.asynchttpclient.netty.channel.DefaultChannelPool - Entry count for : http://localhost:52607 : 1
14:12:25.408 [AsyncHttpClient-1-1] DEBUG org.asynchttpclient.netty.channel.DefaultChannelPool - Entry count for : http://localhost:22478 : 1
14:12:26.512 [AsyncHttpClient-1-1] DEBUG org.asynchttpclient.netty.channel.DefaultChannelPool - Entry count for : http://localhost:52607 : 1
14:12:26.513 [AsyncHttpClient-1-1] DEBUG org.asynchttpclient.netty.channel.DefaultChannelPool - Entry count for : http://localhost:22478 : 1
14:12:26.515 [Forwarding executeScript on session 77c794330aa75f79257c553cf8e8982c to remote] DEBUG org.asynchttpclient.netty.request.NettyRequestSender - Using pooled Channel '[id: 0x73d9fc79, L:/127.0.0.1:52606 - R:localhost/127.0.0.1:22478]' for 'POST' to 'http://localhost:22478/session/77c794330aa75f79257c553cf8e8982c/execute/sync'
14:12:26.516 [Forwarding executeScript on session 77c794330aa75f79257c553cf8e8982c to remote] DEBUG org.asynchttpclient.netty.request.NettyRequestSender - Using open Channel [id: 0x73d9fc79, L:/127.0.0.1:52606 - R:localhost/127.0.0.1:22478] for POST '/session/77c794330aa75f79257c553cf8e8982c/execute/sync'
14:12:26.528 [AsyncHttpClient-1-2] DEBUG org.asynchttpclient.netty.handler.HttpHandler - 

Request DefaultHttpRequest(decodeResult: success, version: HTTP/1.1)
POST /session/77c794330aa75f79257c553cf8e8982c/execute/sync HTTP/1.1
User-Agent: selenium/4.11.0 (java windows)
Content-Length: 57
Content-Type: application/json; charset=utf-8
host: localhost:22478
accept: */*

Response DefaultHttpResponse(decodeResult: success, version: HTTP/1.1)
HTTP/1.1 200 OK
Content-Length: 14
Content-Type: application/json; charset=utf-8
cache-control: no-cache

14:12:26.529 [AsyncHttpClient-1-2] DEBUG org.asynchttpclient.netty.channel.ChannelManager - Adding key: http://localhost:22478 for channel [id: 0x73d9fc79, L:/127.0.0.1:52606 - R:localhost/127.0.0.1:22478]
14:12:26.535 [Forwarding findElement on session 77c794330aa75f79257c553cf8e8982c to remote] DEBUG org.asynchttpclient.netty.request.NettyRequestSender - Using pooled Channel '[id: 0x73d9fc79, L:/127.0.0.1:52606 - R:localhost/127.0.0.1:22478]' for 'POST' to 'http://localhost:22478/session/77c794330aa75f79257c553cf8e8982c/element'
14:12:26.535 [Forwarding findElement on session 77c794330aa75f79257c553cf8e8982c to remote] DEBUG org.asynchttpclient.netty.request.NettyRequestSender - Using open Channel [id: 0x73d9fc79, L:/127.0.0.1:52606 - R:localhost/127.0.0.1:22478] for POST '/session/77c794330aa75f79257c553cf8e8982c/element'
14:12:26.558 [AsyncHttpClient-1-2] DEBUG org.asynchttpclient.netty.handler.HttpHandler - 

Request DefaultHttpRequest(decodeResult: success, version: HTTP/1.1)
POST /session/77c794330aa75f79257c553cf8e8982c/element HTTP/1.1
User-Agent: selenium/4.11.0 (java windows)
Content-Length: 134
Content-Type: application/json; charset=utf-8
host: localhost:22478
accept: */*

Response DefaultHttpResponse(decodeResult: success, version: HTTP/1.1)
HTTP/1.1 200 OK
Content-Length: 126
Content-Type: application/json; charset=utf-8
cache-control: no-cache

14:12:26.558 [AsyncHttpClient-1-2] DEBUG org.asynchttpclient.netty.channel.ChannelManager - Adding key: http://localhost:22478 for channel [id: 0x73d9fc79, L:/127.0.0.1:52606 - R:localhost/127.0.0.1:22478]
14:12:26.560 [Forwarding clickElement on session 77c794330aa75f79257c553cf8e8982c to remote] DEBUG org.asynchttpclient.netty.request.NettyRequestSender - Using pooled Channel '[id: 0x73d9fc79, L:/127.0.0.1:52606 - R:localhost/127.0.0.1:22478]' for 'POST' to 'http://localhost:22478/session/77c794330aa75f79257c553cf8e8982c/element/f.C9DAA99C4E3E9CED35289EC30FAB0FE5.d.13E90F8F9EFB065451151C92EC902AB9.e.81/click'
14:12:26.560 [Forwarding clickElement on session 77c794330aa75f79257c553cf8e8982c to remote] DEBUG org.asynchttpclient.netty.request.NettyRequestSender - Using open Channel [id: 0x73d9fc79, L:/127.0.0.1:52606 - R:localhost/127.0.0.1:22478] for POST '/session/77c794330aa75f79257c553cf8e8982c/element/f.C9DAA99C4E3E9CED35289EC30FAB0FE5.d.13E90F8F9EFB065451151C92EC902AB9.e.81/click'
14:12:27.519 [AsyncHttpClient-1-2] DEBUG org.asynchttpclient.netty.handler.HttpHandler - 

Request DefaultHttpRequest(decodeResult: success, version: HTTP/1.1)
POST /session/77c794330aa75f79257c553cf8e8982c/element/f.C9DAA99C4E3E9CED35289EC30FAB0FE5.d.13E90F8F9EFB065451151C92EC902AB9.e.81/click HTTP/1.1
User-Agent: selenium/4.11.0 (java windows)
Content-Length: 88
Content-Type: application/json; charset=utf-8
host: localhost:22478
accept: */*

Response DefaultHttpResponse(decodeResult: success, version: HTTP/1.1)
HTTP/1.1 200 OK
Content-Length: 14
Content-Type: application/json; charset=utf-8
cache-control: no-cache

14:12:27.519 [AsyncHttpClient-1-2] DEBUG org.asynchttpclient.netty.channel.ChannelManager - Adding key: http://localhost:22478 for channel [id: 0x73d9fc79, L:/127.0.0.1:52606 - R:localhost/127.0.0.1:22478]
14:12:27.607 [AsyncHttpClient-1-1] DEBUG org.asynchttpclient.netty.channel.DefaultChannelPool - Entry count for : http://localhost:52607 : 1
14:12:27.607 [AsyncHttpClient-1-1] DEBUG org.asynchttpclient.netty.channel.DefaultChannelPool - Entry count for : http://localhost:22478 : 1
14:12:28.722 [AsyncHttpClient-1-1] DEBUG org.asynchttpclient.netty.channel.DefaultChannelPool - Entry count for : http://localhost:52607 : 1
14:12:28.722 [AsyncHttpClient-1-1] DEBUG org.asynchttpclient.netty.channel.DefaultChannelPool - Entry count for : http://localhost:22478 : 1
14:12:29.810 [AsyncHttpClient-1-1] DEBUG org.asynchttpclient.netty.channel.DefaultChannelPool - Entry count for : http://localhost:52607 : 1
14:12:29.810 [AsyncHttpClient-1-1] DEBUG org.asynchttpclient.netty.channel.DefaultChannelPool - Entry count for : http://localhost:22478 : 1
14:12:30.908 [AsyncHttpClient-1-1] DEBUG org.asynchttpclient.netty.channel.DefaultChannelPool - Entry count for : http://localhost:52607 : 1
14:12:30.908 [AsyncHttpClient-1-1] DEBUG org.asynchttpclient.netty.channel.DefaultChannelPool - Entry count for : http://localhost:22478 : 1
14:12:32.009 [AsyncHttpClient-1-1] DEBUG org.asynchttpclient.netty.channel.DefaultChannelPool - Entry count for : http://localhost:52607 : 1
14:12:32.009 [AsyncHttpClient-1-1] DEBUG org.asynchttpclient.netty.channel.DefaultChannelPool - Entry count for : http://localhost:22478 : 1
]]></system-out>
    <system-err><![CDATA[Jan 11, 2025 2:12:04 PM org.openqa.selenium.devtools.CdpVersionFinder findNearestMatch
WARNING: Unable to find CDP implementation matching 131
Jan 11, 2025 2:12:04 PM org.openqa.selenium.chromium.ChromiumDriver lambda$new$5
WARNING: Unable to find version of CDP to use for 131.0.6778.265. You may need to include a dependency on a specific version of the CDP using something similar to `org.seleniumhq.selenium:selenium-devtools-v86:4.11.0` where the version ("v86") matches the version of the chromium-based browser you're using and the version number of the artifact is the same as Selenium's.
]]></system-err>
  </testcase>
</testsuite>