<?xml version="1.0" encoding="UTF-8"?>
<testsuite xmlns:xsi="http://www.w3.org/2001/XMLSchema-instance" xsi:noNamespaceSchemaLocation="https://maven.apache.org/surefire/maven-surefire-plugin/xsd/surefire-test-report.xsd" version="3.0.2" name="TestSuite" time="33.425" tests="1" errors="0" skipped="0" failures="0">
  <properties>
[...]
</properties>
  <testcase name="testLogin" classname="testCases.TC001_LoginPageTest" time="24.027">
    <system-out><![CDATA[14:42:25.256 [main] DEBUG org.testng.TestNG - suiteXmlPath: "C:\study\projects\PageObjectModel1\testng.xml"
14:42:26.582 [main] DEBUG io.netty.util.internal.logging.InternalLoggerFactory - Using SLF4J as the default logging framework
14:42:26.585 [main] DEBUG io.netty.util.ResourceLeakDetector - -Dio.netty.leakDetection.level: simple
14:42:26.585 [main] DEBUG io.netty.util.ResourceLeakDetector - -Dio.netty.leakDetection.targetRecords: 4
14:42:26.590 [main] DEBUG io.netty.util.ResourceLeakDetectorFactory - Loaded default ResourceLeakDetector: io.netty.util.ResourceLeakDetector@7ed9ae94
14:42:26.603 [main] DEBUG io.netty.util.internal.PlatformDependent0 - -Dio.netty.noUnsafe: false
14:42:26.604 [main] DEBUG io.netty.util.internal.PlatformDependent0 - Java version: 17
14:42:26.605 [main] DEBUG io.netty.util.internal.PlatformDependent0 - sun.misc.Unsafe.theUnsafe: available
14:42:26.607 [main] DEBUG io.netty.util.internal.PlatformDependent0 - sun.misc.Unsafe.copyMemory: available
14:42:26.607 [main] DEBUG io.netty.util.internal.PlatformDependent0 - sun.misc.Unsafe.storeFence: available
14:42:26.608 [main] DEBUG io.netty.util.internal.PlatformDependent0 - java.nio.Buffer.address: available
14:42:26.608 [main] DEBUG io.netty.util.internal.PlatformDependent0 - direct buffer constructor: unavailable: Reflective setAccessible(true) disabled
14:42:26.609 [main] DEBUG io.netty.util.internal.PlatformDependent0 - java.nio.Bits.unaligned: available, true
14:42:26.610 [main] DEBUG io.netty.util.internal.PlatformDependent0 - jdk.internal.misc.Unsafe.allocateUninitializedArray(int): unavailable: class io.netty.util.internal.PlatformDependent0$7 cannot access class jdk.internal.misc.Unsafe (in module java.base) because module java.base does not export jdk.internal.misc to unnamed module @1a245833
14:42:26.611 [main] DEBUG io.netty.util.internal.PlatformDependent0 - java.nio.DirectByteBuffer.<init>(long, int): unavailable
14:42:26.611 [main] DEBUG io.netty.util.internal.PlatformDependent - sun.misc.Unsafe: available
14:42:26.612 [main] DEBUG io.netty.util.internal.PlatformDependent - maxDirectMemory: 2055208960 bytes (maybe)
14:42:26.612 [main] DEBUG io.netty.util.internal.PlatformDependent - -Dio.netty.tmpdir: C:\Users\TANUSR~1\AppData\Local\Temp (java.io.tmpdir)
14:42:26.612 [main] DEBUG io.netty.util.internal.PlatformDependent - -Dio.netty.bitMode: 64 (sun.arch.data.model)
14:42:26.614 [main] DEBUG io.netty.util.internal.PlatformDependent - Platform: Windows
14:42:26.615 [main] DEBUG io.netty.util.internal.PlatformDependent - -Dio.netty.maxDirectMemory: -1 bytes
14:42:26.615 [main] DEBUG io.netty.util.internal.PlatformDependent - -Dio.netty.uninitializedArrayAllocationThreshold: -1
14:42:26.616 [main] DEBUG io.netty.util.internal.CleanerJava9 - java.nio.ByteBuffer.cleaner(): available
14:42:26.616 [main] DEBUG io.netty.util.internal.PlatformDependent - -Dio.netty.noPreferDirect: false
14:42:26.622 [main] DEBUG io.netty.util.internal.PlatformDependent - org.jctools-core.MpscChunkedArrayQueue: available
14:42:26.637 [main] DEBUG io.netty.util.internal.InternalThreadLocalMap - -Dio.netty.threadLocalMap.stringBuilder.initialSize: 1024
14:42:26.637 [main] DEBUG io.netty.util.internal.InternalThreadLocalMap - -Dio.netty.threadLocalMap.stringBuilder.maxSize: 4096
14:42:26.798 [main] DEBUG io.netty.handler.ssl.JdkSslContext - Default protocols (JDK): [TLSv1.3, TLSv1.2] 
14:42:26.798 [main] DEBUG io.netty.handler.ssl.JdkSslContext - Default cipher suites (JDK): [TLS_ECDHE_ECDSA_WITH_AES_256_GCM_SHA384, TLS_ECDHE_ECDSA_WITH_AES_128_GCM_SHA256, TLS_ECDHE_RSA_WITH_AES_128_GCM_SHA256, TLS_ECDHE_RSA_WITH_AES_256_GCM_SHA384, TLS_ECDHE_RSA_WITH_AES_128_CBC_SHA, TLS_ECDHE_RSA_WITH_AES_256_CBC_SHA, TLS_RSA_WITH_AES_128_GCM_SHA256, TLS_RSA_WITH_AES_128_CBC_SHA, TLS_RSA_WITH_AES_256_CBC_SHA, TLS_AES_128_GCM_SHA256, TLS_AES_256_GCM_SHA384]
14:42:26.812 [main] DEBUG io.netty.util.concurrent.GlobalEventExecutor - -Dio.netty.globalEventExecutor.quietPeriodSeconds: 1
14:42:26.819 [main] DEBUG io.netty.channel.MultithreadEventLoopGroup - -Dio.netty.eventLoopThreads: 8
14:42:26.828 [main] DEBUG io.netty.channel.nio.NioEventLoop - -Dio.netty.noKeySetOptimization: false
14:42:26.828 [main] DEBUG io.netty.channel.nio.NioEventLoop - -Dio.netty.selectorAutoRebuildThreshold: 512
14:42:26.873 [main] DEBUG io.netty.buffer.PooledByteBufAllocator - -Dio.netty.allocator.numHeapArenas: 8
14:42:26.873 [main] DEBUG io.netty.buffer.PooledByteBufAllocator - -Dio.netty.allocator.numDirectArenas: 8
14:42:26.873 [main] DEBUG io.netty.buffer.PooledByteBufAllocator - -Dio.netty.allocator.pageSize: 8192
14:42:26.874 [main] DEBUG io.netty.buffer.PooledByteBufAllocator - -Dio.netty.allocator.maxOrder: 9
14:42:26.874 [main] DEBUG io.netty.buffer.PooledByteBufAllocator - -Dio.netty.allocator.chunkSize: 4194304
14:42:26.874 [main] DEBUG io.netty.buffer.PooledByteBufAllocator - -Dio.netty.allocator.smallCacheSize: 256
14:42:26.874 [main] DEBUG io.netty.buffer.PooledByteBufAllocator - -Dio.netty.allocator.normalCacheSize: 64
14:42:26.874 [main] DEBUG io.netty.buffer.PooledByteBufAllocator - -Dio.netty.allocator.maxCachedBufferCapacity: 32768
14:42:26.874 [main] DEBUG io.netty.buffer.PooledByteBufAllocator - -Dio.netty.allocator.cacheTrimInterval: 8192
14:42:26.876 [main] DEBUG io.netty.buffer.PooledByteBufAllocator - -Dio.netty.allocator.cacheTrimIntervalMillis: 0
14:42:26.876 [main] DEBUG io.netty.buffer.PooledByteBufAllocator - -Dio.netty.allocator.useCacheForAllThreads: false
14:42:26.876 [main] DEBUG io.netty.buffer.PooledByteBufAllocator - -Dio.netty.allocator.maxCachedByteBuffersPerChunk: 1023
14:42:26.886 [main] DEBUG io.netty.buffer.ByteBufUtil - -Dio.netty.allocator.type: pooled
14:42:26.887 [main] DEBUG io.netty.buffer.ByteBufUtil - -Dio.netty.threadLocalDirectBufferSize: 0
14:42:26.887 [main] DEBUG io.netty.buffer.ByteBufUtil - -Dio.netty.maxThreadLocalCharBufferSize: 16384
14:42:27.151 [Forwarding newSession on session null to remote] DEBUG io.netty.channel.DefaultChannelId - -Dio.netty.processId: 2660 (auto-detected)
14:42:27.153 [Forwarding newSession on session null to remote] DEBUG io.netty.util.NetUtil - -Djava.net.preferIPv4Stack: false
14:42:27.153 [Forwarding newSession on session null to remote] DEBUG io.netty.util.NetUtil - -Djava.net.preferIPv6Addresses: false
14:42:27.160 [Forwarding newSession on session null to remote] DEBUG io.netty.util.NetUtilInitializations - Loopback interface: lo (Software Loopback Interface 1, 127.0.0.1)
14:42:27.161 [Forwarding newSession on session null to remote] DEBUG io.netty.util.NetUtil - Failed to get SOMAXCONN from sysctl and file \proc\sys\net\core\somaxconn. Default: 200
14:42:27.173 [Forwarding newSession on session null to remote] DEBUG io.netty.channel.DefaultChannelId - -Dio.netty.machineId: cc:6b:1e:ff:fe:0b:e3:d9 (auto-detected)
14:42:27.209 [AsyncHttpClient-1-2] DEBUG io.netty.buffer.AbstractByteBuf - -Dio.netty.buffer.checkAccessible: true
14:42:27.210 [AsyncHttpClient-1-2] DEBUG io.netty.buffer.AbstractByteBuf - -Dio.netty.buffer.checkBounds: true
14:42:27.210 [AsyncHttpClient-1-2] DEBUG io.netty.util.ResourceLeakDetectorFactory - Loaded default ResourceLeakDetector: io.netty.util.ResourceLeakDetector@3e9b371
14:42:27.219 [AsyncHttpClient-1-2] DEBUG org.asynchttpclient.netty.channel.NettyConnectListener - Using new Channel '[id: 0x868887c3, L:/127.0.0.1:52211 - R:localhost/127.0.0.1:1897]' for 'POST' to '/session'
14:42:27.231 [AsyncHttpClient-1-2] DEBUG io.netty.util.Recycler - -Dio.netty.recycler.maxCapacityPerThread: 4096
14:42:27.231 [AsyncHttpClient-1-2] DEBUG io.netty.util.Recycler - -Dio.netty.recycler.ratio: 8
14:42:27.231 [AsyncHttpClient-1-2] DEBUG io.netty.util.Recycler - -Dio.netty.recycler.chunkSize: 32
14:42:27.231 [AsyncHttpClient-1-2] DEBUG io.netty.util.Recycler - -Dio.netty.recycler.blocking: false
14:42:27.231 [AsyncHttpClient-1-2] DEBUG io.netty.util.Recycler - -Dio.netty.recycler.batchFastThreadLocalOnly: true
14:42:27.897 [AsyncHttpClient-1-2] DEBUG io.netty.handler.codec.compression.Brotli - brotli4j not in the classpath; Brotli support will be unavailable.
14:42:27.898 [AsyncHttpClient-1-2] DEBUG org.asynchttpclient.netty.handler.HttpHandler - 

Request DefaultHttpRequest(decodeResult: success, version: HTTP/1.1)
POST /session HTTP/1.1
User-Agent: selenium/4.11.0 (java windows)
Content-Length: 336
Content-Type: application/json; charset=utf-8
host: localhost:1897
accept: */*

Response DefaultHttpResponse(decodeResult: success, version: HTTP/1.1)
HTTP/1.1 200 OK
Content-Length: 887
Content-Type: application/json; charset=utf-8
cache-control: no-cache

14:42:27.912 [AsyncHttpClient-1-2] DEBUG org.asynchttpclient.netty.channel.ChannelManager - Adding key: http://localhost:1897 for channel [id: 0x868887c3, L:/127.0.0.1:52211 - R:localhost/127.0.0.1:1897]
14:42:28.081 [AsyncHttpClient-1-3] DEBUG org.asynchttpclient.netty.channel.NettyConnectListener - Using new Channel '[id: 0x7c3ef305, L:/127.0.0.1:52219 - R:localhost/127.0.0.1:52212]' for 'GET' to '/json/version'
14:42:28.085 [AsyncHttpClient-1-3] DEBUG org.asynchttpclient.netty.handler.HttpHandler - 

Request DefaultFullHttpRequest(decodeResult: success, version: HTTP/1.1, content: EmptyByteBufBE)
GET /json/version HTTP/1.1
User-Agent: selenium/4.11.0 (java windows)
host: localhost:52212
accept: */*

Response DefaultHttpResponse(decodeResult: success, version: HTTP/1.1)
HTTP/1.1 200 OK
Content-Security-Policy: frame-ancestors 'none'
Content-Length: 424
Content-Type: application/json; charset=UTF-8

14:42:28.085 [AsyncHttpClient-1-3] DEBUG org.asynchttpclient.netty.channel.ChannelManager - Adding key: http://localhost:52212 for channel [id: 0x7c3ef305, L:/127.0.0.1:52219 - R:localhost/127.0.0.1:52212]
14:42:28.097 [main] DEBUG io.netty.util.internal.ThreadLocalRandom - -Dio.netty.initialSeedUniquifier: 0xa44b7efff497114c
14:42:28.101 [AsyncHttpClient-1-4] DEBUG org.asynchttpclient.netty.channel.NettyConnectListener - Using new Channel '[id: 0x0bfed9bd, L:/127.0.0.1:52220 - R:localhost/127.0.0.1:52212]' for 'GET' to '/devtools/browser/05f7e171-ea02-4177-a3e3-654a1b5f1b82'
14:42:28.110 [AsyncHttpClient-1-4] DEBUG org.asynchttpclient.netty.handler.WebSocketHandler - 

Request DefaultFullHttpRequest(decodeResult: success, version: HTTP/1.1, content: EmptyByteBufBE)
GET /devtools/browser/05f7e171-ea02-4177-a3e3-654a1b5f1b82 HTTP/1.1
upgrade: websocket
connection: upgrade
sec-websocket-key: agpnLtS27kTWVtH9/Vhmaw==
sec-websocket-version: 13
origin: http://localhost:52212
host: localhost:52212
accept: */*
user-agent: AHC/2.1

Response DefaultHttpResponse(decodeResult: success, version: HTTP/1.1)
HTTP/1.1 101 WebSocket Protocol Handshake
Upgrade: WebSocket
Connection: Upgrade
Sec-WebSocket-Accept: asNwFVBs9jUQ6DWHiLtwSNA8Wis=

14:42:28.163 [Forwarding deleteAllCookies on session d9ed985b608ddcfca96314e2d825c546 to remote] DEBUG org.asynchttpclient.netty.request.NettyRequestSender - Using pooled Channel '[id: 0x868887c3, L:/127.0.0.1:52211 - R:localhost/127.0.0.1:1897]' for 'DELETE' to 'http://localhost:1897/session/d9ed985b608ddcfca96314e2d825c546/cookie'
14:42:28.164 [Forwarding deleteAllCookies on session d9ed985b608ddcfca96314e2d825c546 to remote] DEBUG org.asynchttpclient.netty.request.NettyRequestSender - Using open Channel [id: 0x868887c3, L:/127.0.0.1:52211 - R:localhost/127.0.0.1:1897] for DELETE '/session/d9ed985b608ddcfca96314e2d825c546/cookie'
14:42:28.174 [AsyncHttpClient-1-2] DEBUG org.asynchttpclient.netty.handler.HttpHandler - 

Request DefaultFullHttpRequest(decodeResult: success, version: HTTP/1.1, content: EmptyByteBufBE)
DELETE /session/d9ed985b608ddcfca96314e2d825c546/cookie HTTP/1.1
User-Agent: selenium/4.11.0 (java windows)
Content-Type: application/json; charset=utf-8
host: localhost:1897
accept: */*

Response DefaultHttpResponse(decodeResult: success, version: HTTP/1.1)
HTTP/1.1 200 OK
Content-Length: 14
Content-Type: application/json; charset=utf-8
cache-control: no-cache

14:42:28.174 [AsyncHttpClient-1-2] DEBUG org.asynchttpclient.netty.channel.ChannelManager - Adding key: http://localhost:1897 for channel [id: 0x868887c3, L:/127.0.0.1:52211 - R:localhost/127.0.0.1:1897]
14:42:28.185 [Forwarding maximizeCurrentWindow on session d9ed985b608ddcfca96314e2d825c546 to remote] DEBUG org.asynchttpclient.netty.request.NettyRequestSender - Using pooled Channel '[id: 0x868887c3, L:/127.0.0.1:52211 - R:localhost/127.0.0.1:1897]' for 'POST' to 'http://localhost:1897/session/d9ed985b608ddcfca96314e2d825c546/window/maximize'
14:42:28.185 [Forwarding maximizeCurrentWindow on session d9ed985b608ddcfca96314e2d825c546 to remote] DEBUG org.asynchttpclient.netty.request.NettyRequestSender - Using open Channel [id: 0x868887c3, L:/127.0.0.1:52211 - R:localhost/127.0.0.1:1897] for POST '/session/d9ed985b608ddcfca96314e2d825c546/window/maximize'
14:42:28.267 [AsyncHttpClient-1-2] DEBUG org.asynchttpclient.netty.handler.HttpHandler - 

Request DefaultHttpRequest(decodeResult: success, version: HTTP/1.1)
POST /session/d9ed985b608ddcfca96314e2d825c546/window/maximize HTTP/1.1
User-Agent: selenium/4.11.0 (java windows)
Content-Length: 3
Content-Type: application/json; charset=utf-8
host: localhost:1897
accept: */*

Response DefaultHttpResponse(decodeResult: success, version: HTTP/1.1)
HTTP/1.1 200 OK
Content-Length: 51
Content-Type: application/json; charset=utf-8
cache-control: no-cache

14:42:28.267 [AsyncHttpClient-1-2] DEBUG org.asynchttpclient.netty.channel.ChannelManager - Adding key: http://localhost:1897 for channel [id: 0x868887c3, L:/127.0.0.1:52211 - R:localhost/127.0.0.1:1897]
14:42:28.273 [Forwarding setTimeout on session d9ed985b608ddcfca96314e2d825c546 to remote] DEBUG org.asynchttpclient.netty.request.NettyRequestSender - Using pooled Channel '[id: 0x868887c3, L:/127.0.0.1:52211 - R:localhost/127.0.0.1:1897]' for 'POST' to 'http://localhost:1897/session/d9ed985b608ddcfca96314e2d825c546/timeouts'
14:42:28.273 [Forwarding setTimeout on session d9ed985b608ddcfca96314e2d825c546 to remote] DEBUG org.asynchttpclient.netty.request.NettyRequestSender - Using open Channel [id: 0x868887c3, L:/127.0.0.1:52211 - R:localhost/127.0.0.1:1897] for POST '/session/d9ed985b608ddcfca96314e2d825c546/timeouts'
14:42:28.275 [AsyncHttpClient-1-2] DEBUG org.asynchttpclient.netty.handler.HttpHandler - 

Request DefaultHttpRequest(decodeResult: success, version: HTTP/1.1)
POST /session/d9ed985b608ddcfca96314e2d825c546/timeouts HTTP/1.1
User-Agent: selenium/4.11.0 (java windows)
Content-Length: 23
Content-Type: application/json; charset=utf-8
host: localhost:1897
accept: */*

Response DefaultHttpResponse(decodeResult: success, version: HTTP/1.1)
HTTP/1.1 200 OK
Content-Length: 14
Content-Type: application/json; charset=utf-8
cache-control: no-cache

14:42:28.277 [AsyncHttpClient-1-2] DEBUG org.asynchttpclient.netty.channel.ChannelManager - Adding key: http://localhost:1897 for channel [id: 0x868887c3, L:/127.0.0.1:52211 - R:localhost/127.0.0.1:1897]
14:42:28.282 [Forwarding get on session d9ed985b608ddcfca96314e2d825c546 to remote] DEBUG org.asynchttpclient.netty.request.NettyRequestSender - Using pooled Channel '[id: 0x868887c3, L:/127.0.0.1:52211 - R:localhost/127.0.0.1:1897]' for 'POST' to 'http://localhost:1897/session/d9ed985b608ddcfca96314e2d825c546/url'
14:42:28.282 [Forwarding get on session d9ed985b608ddcfca96314e2d825c546 to remote] DEBUG org.asynchttpclient.netty.request.NettyRequestSender - Using open Channel [id: 0x868887c3, L:/127.0.0.1:52211 - R:localhost/127.0.0.1:1897] for POST '/session/d9ed985b608ddcfca96314e2d825c546/url'
14:42:28.937 [AsyncHttpClient-1-1] DEBUG org.asynchttpclient.netty.channel.DefaultChannelPool - Entry count for : http://localhost:52212 : 1
14:42:30.038 [AsyncHttpClient-1-1] DEBUG org.asynchttpclient.netty.channel.DefaultChannelPool - Entry count for : http://localhost:52212 : 1
14:42:30.964 [AsyncHttpClient-1-2] DEBUG org.asynchttpclient.netty.handler.HttpHandler - 

Request DefaultHttpRequest(decodeResult: success, version: HTTP/1.1)
POST /session/d9ed985b608ddcfca96314e2d825c546/url HTTP/1.1
User-Agent: selenium/4.11.0 (java windows)
Content-Length: 67
Content-Type: application/json; charset=utf-8
host: localhost:1897
accept: */*

Response DefaultHttpResponse(decodeResult: success, version: HTTP/1.1)
HTTP/1.1 200 OK
Content-Length: 14
Content-Type: application/json; charset=utf-8
cache-control: no-cache

14:42:30.965 [AsyncHttpClient-1-2] DEBUG org.asynchttpclient.netty.channel.ChannelManager - Adding key: http://localhost:1897 for channel [id: 0x868887c3, L:/127.0.0.1:52211 - R:localhost/127.0.0.1:1897]
14:42:31.127 [AsyncHttpClient-1-1] DEBUG org.asynchttpclient.netty.channel.DefaultChannelPool - Entry count for : http://localhost:1897 : 1
14:42:31.127 [AsyncHttpClient-1-1] DEBUG org.asynchttpclient.netty.channel.DefaultChannelPool - Entry count for : http://localhost:52212 : 1
14:42:32.231 [AsyncHttpClient-1-1] DEBUG org.asynchttpclient.netty.channel.DefaultChannelPool - Entry count for : http://localhost:1897 : 1
14:42:32.232 [AsyncHttpClient-1-1] DEBUG org.asynchttpclient.netty.channel.DefaultChannelPool - Entry count for : http://localhost:52212 : 1
14:42:33.334 [AsyncHttpClient-1-1] DEBUG org.asynchttpclient.netty.channel.DefaultChannelPool - Entry count for : http://localhost:1897 : 1
14:42:33.334 [AsyncHttpClient-1-1] DEBUG org.asynchttpclient.netty.channel.DefaultChannelPool - Entry count for : http://localhost:52212 : 1
[INFO ] 2025-01-11 14:42:34.010 [main] TC001_LoginPageTest - ************* Test Execution started ************
14:42:34.047 [Forwarding findElement on session d9ed985b608ddcfca96314e2d825c546 to remote] DEBUG org.asynchttpclient.netty.request.NettyRequestSender - Using pooled Channel '[id: 0x868887c3, L:/127.0.0.1:52211 - R:localhost/127.0.0.1:1897]' for 'POST' to 'http://localhost:1897/session/d9ed985b608ddcfca96314e2d825c546/element'
14:42:34.048 [Forwarding findElement on session d9ed985b608ddcfca96314e2d825c546 to remote] DEBUG org.asynchttpclient.netty.request.NettyRequestSender - Using open Channel [id: 0x868887c3, L:/127.0.0.1:52211 - R:localhost/127.0.0.1:1897] for POST '/session/d9ed985b608ddcfca96314e2d825c546/element'
14:42:34.067 [AsyncHttpClient-1-2] DEBUG org.asynchttpclient.netty.handler.HttpHandler - 

Request DefaultHttpRequest(decodeResult: success, version: HTTP/1.1)
POST /session/d9ed985b608ddcfca96314e2d825c546/element HTTP/1.1
User-Agent: selenium/4.11.0 (java windows)
Content-Length: 71
Content-Type: application/json; charset=utf-8
host: localhost:1897
accept: */*

Response DefaultHttpResponse(decodeResult: success, version: HTTP/1.1)
HTTP/1.1 200 OK
Content-Length: 126
Content-Type: application/json; charset=utf-8
cache-control: no-cache

14:42:34.067 [AsyncHttpClient-1-2] DEBUG org.asynchttpclient.netty.channel.ChannelManager - Adding key: http://localhost:1897 for channel [id: 0x868887c3, L:/127.0.0.1:52211 - R:localhost/127.0.0.1:1897]
14:42:34.070 [Forwarding clickElement on session d9ed985b608ddcfca96314e2d825c546 to remote] DEBUG org.asynchttpclient.netty.request.NettyRequestSender - Using pooled Channel '[id: 0x868887c3, L:/127.0.0.1:52211 - R:localhost/127.0.0.1:1897]' for 'POST' to 'http://localhost:1897/session/d9ed985b608ddcfca96314e2d825c546/element/f.F3B1C949F44AE7CFC711F883959E0C6A.d.8FF4546BFE9C34DD8CEDED1EADFA4D33.e.54/click'
14:42:34.070 [Forwarding clickElement on session d9ed985b608ddcfca96314e2d825c546 to remote] DEBUG org.asynchttpclient.netty.request.NettyRequestSender - Using open Channel [id: 0x868887c3, L:/127.0.0.1:52211 - R:localhost/127.0.0.1:1897] for POST '/session/d9ed985b608ddcfca96314e2d825c546/element/f.F3B1C949F44AE7CFC711F883959E0C6A.d.8FF4546BFE9C34DD8CEDED1EADFA4D33.e.54/click'
14:42:34.187 [AsyncHttpClient-1-2] DEBUG org.asynchttpclient.netty.handler.HttpHandler - 

Request DefaultHttpRequest(decodeResult: success, version: HTTP/1.1)
POST /session/d9ed985b608ddcfca96314e2d825c546/element/f.F3B1C949F44AE7CFC711F883959E0C6A.d.8FF4546BFE9C34DD8CEDED1EADFA4D33.e.54/click HTTP/1.1
User-Agent: selenium/4.11.0 (java windows)
Content-Length: 88
Content-Type: application/json; charset=utf-8
host: localhost:1897
accept: */*

Response DefaultHttpResponse(decodeResult: success, version: HTTP/1.1)
HTTP/1.1 200 OK
Content-Length: 14
Content-Type: application/json; charset=utf-8
cache-control: no-cache

14:42:34.189 [AsyncHttpClient-1-2] DEBUG org.asynchttpclient.netty.channel.ChannelManager - Adding key: http://localhost:1897 for channel [id: 0x868887c3, L:/127.0.0.1:52211 - R:localhost/127.0.0.1:1897]
14:42:34.193 [Forwarding findElement on session d9ed985b608ddcfca96314e2d825c546 to remote] DEBUG org.asynchttpclient.netty.request.NettyRequestSender - Using pooled Channel '[id: 0x868887c3, L:/127.0.0.1:52211 - R:localhost/127.0.0.1:1897]' for 'POST' to 'http://localhost:1897/session/d9ed985b608ddcfca96314e2d825c546/element'
14:42:34.193 [Forwarding findElement on session d9ed985b608ddcfca96314e2d825c546 to remote] DEBUG org.asynchttpclient.netty.request.NettyRequestSender - Using open Channel [id: 0x868887c3, L:/127.0.0.1:52211 - R:localhost/127.0.0.1:1897] for POST '/session/d9ed985b608ddcfca96314e2d825c546/element'
14:42:34.218 [AsyncHttpClient-1-2] DEBUG org.asynchttpclient.netty.handler.HttpHandler - 

Request DefaultHttpRequest(decodeResult: success, version: HTTP/1.1)
POST /session/d9ed985b608ddcfca96314e2d825c546/element HTTP/1.1
User-Agent: selenium/4.11.0 (java windows)
Content-Length: 140
Content-Type: application/json; charset=utf-8
host: localhost:1897
accept: */*

Response DefaultHttpResponse(decodeResult: success, version: HTTP/1.1)
HTTP/1.1 200 OK
Content-Length: 126
Content-Type: application/json; charset=utf-8
cache-control: no-cache

14:42:34.218 [AsyncHttpClient-1-2] DEBUG org.asynchttpclient.netty.channel.ChannelManager - Adding key: http://localhost:1897 for channel [id: 0x868887c3, L:/127.0.0.1:52211 - R:localhost/127.0.0.1:1897]
14:42:34.221 [Forwarding clickElement on session d9ed985b608ddcfca96314e2d825c546 to remote] DEBUG org.asynchttpclient.netty.request.NettyRequestSender - Using pooled Channel '[id: 0x868887c3, L:/127.0.0.1:52211 - R:localhost/127.0.0.1:1897]' for 'POST' to 'http://localhost:1897/session/d9ed985b608ddcfca96314e2d825c546/element/f.F3B1C949F44AE7CFC711F883959E0C6A.d.8FF4546BFE9C34DD8CEDED1EADFA4D33.e.56/click'
14:42:34.221 [Forwarding clickElement on session d9ed985b608ddcfca96314e2d825c546 to remote] DEBUG org.asynchttpclient.netty.request.NettyRequestSender - Using open Channel [id: 0x868887c3, L:/127.0.0.1:52211 - R:localhost/127.0.0.1:1897] for POST '/session/d9ed985b608ddcfca96314e2d825c546/element/f.F3B1C949F44AE7CFC711F883959E0C6A.d.8FF4546BFE9C34DD8CEDED1EADFA4D33.e.56/click'
14:42:34.428 [AsyncHttpClient-1-1] DEBUG org.asynchttpclient.netty.channel.DefaultChannelPool - Entry count for : http://localhost:52212 : 1
14:42:35.026 [AsyncHttpClient-1-2] DEBUG org.asynchttpclient.netty.handler.HttpHandler - 

Request DefaultHttpRequest(decodeResult: success, version: HTTP/1.1)
POST /session/d9ed985b608ddcfca96314e2d825c546/element/f.F3B1C949F44AE7CFC711F883959E0C6A.d.8FF4546BFE9C34DD8CEDED1EADFA4D33.e.56/click HTTP/1.1
User-Agent: selenium/4.11.0 (java windows)
Content-Length: 88
Content-Type: application/json; charset=utf-8
host: localhost:1897
accept: */*

Response DefaultHttpResponse(decodeResult: success, version: HTTP/1.1)
HTTP/1.1 200 OK
Content-Length: 14
Content-Type: application/json; charset=utf-8
cache-control: no-cache

14:42:35.026 [AsyncHttpClient-1-2] DEBUG org.asynchttpclient.netty.channel.ChannelManager - Adding key: http://localhost:1897 for channel [id: 0x868887c3, L:/127.0.0.1:52211 - R:localhost/127.0.0.1:1897]
14:42:35.030 [Forwarding findElement on session d9ed985b608ddcfca96314e2d825c546 to remote] DEBUG org.asynchttpclient.netty.request.NettyRequestSender - Using pooled Channel '[id: 0x868887c3, L:/127.0.0.1:52211 - R:localhost/127.0.0.1:1897]' for 'POST' to 'http://localhost:1897/session/d9ed985b608ddcfca96314e2d825c546/element'
14:42:35.032 [Forwarding findElement on session d9ed985b608ddcfca96314e2d825c546 to remote] DEBUG org.asynchttpclient.netty.request.NettyRequestSender - Using open Channel [id: 0x868887c3, L:/127.0.0.1:52211 - R:localhost/127.0.0.1:1897] for POST '/session/d9ed985b608ddcfca96314e2d825c546/element'
14:42:35.067 [AsyncHttpClient-1-2] DEBUG org.asynchttpclient.netty.handler.HttpHandler - 

Request DefaultHttpRequest(decodeResult: success, version: HTTP/1.1)
POST /session/d9ed985b608ddcfca96314e2d825c546/element HTTP/1.1
User-Agent: selenium/4.11.0 (java windows)
Content-Length: 85
Content-Type: application/json; charset=utf-8
host: localhost:1897
accept: */*

Response DefaultHttpResponse(decodeResult: success, version: HTTP/1.1)
HTTP/1.1 200 OK
Content-Length: 126
Content-Type: application/json; charset=utf-8
cache-control: no-cache

14:42:35.067 [AsyncHttpClient-1-2] DEBUG org.asynchttpclient.netty.channel.ChannelManager - Adding key: http://localhost:1897 for channel [id: 0x868887c3, L:/127.0.0.1:52211 - R:localhost/127.0.0.1:1897]
14:42:35.073 [Forwarding sendKeysToElement on session d9ed985b608ddcfca96314e2d825c546 to remote] DEBUG org.asynchttpclient.netty.request.NettyRequestSender - Using pooled Channel '[id: 0x868887c3, L:/127.0.0.1:52211 - R:localhost/127.0.0.1:1897]' for 'POST' to 'http://localhost:1897/session/d9ed985b608ddcfca96314e2d825c546/element/f.F3B1C949F44AE7CFC711F883959E0C6A.d.782EC64D0CD68F5562980664362404C8.e.57/value'
14:42:35.073 [Forwarding sendKeysToElement on session d9ed985b608ddcfca96314e2d825c546 to remote] DEBUG org.asynchttpclient.netty.request.NettyRequestSender - Using open Channel [id: 0x868887c3, L:/127.0.0.1:52211 - R:localhost/127.0.0.1:1897] for POST '/session/d9ed985b608ddcfca96314e2d825c546/element/f.F3B1C949F44AE7CFC711F883959E0C6A.d.782EC64D0CD68F5562980664362404C8.e.57/value'
14:42:35.176 [AsyncHttpClient-1-2] DEBUG org.asynchttpclient.netty.handler.HttpHandler - 

Request DefaultHttpRequest(decodeResult: success, version: HTTP/1.1)
POST /session/d9ed985b608ddcfca96314e2d825c546/element/f.F3B1C949F44AE7CFC711F883959E0C6A.d.782EC64D0CD68F5562980664362404C8.e.57/value HTTP/1.1
User-Agent: selenium/4.11.0 (java windows)
Content-Length: 299
Content-Type: application/json; charset=utf-8
host: localhost:1897
accept: */*

Response DefaultHttpResponse(decodeResult: success, version: HTTP/1.1)
HTTP/1.1 200 OK
Content-Length: 14
Content-Type: application/json; charset=utf-8
cache-control: no-cache

14:42:35.176 [AsyncHttpClient-1-2] DEBUG org.asynchttpclient.netty.channel.ChannelManager - Adding key: http://localhost:1897 for channel [id: 0x868887c3, L:/127.0.0.1:52211 - R:localhost/127.0.0.1:1897]
14:42:35.178 [Forwarding findElement on session d9ed985b608ddcfca96314e2d825c546 to remote] DEBUG org.asynchttpclient.netty.request.NettyRequestSender - Using pooled Channel '[id: 0x868887c3, L:/127.0.0.1:52211 - R:localhost/127.0.0.1:1897]' for 'POST' to 'http://localhost:1897/session/d9ed985b608ddcfca96314e2d825c546/element'
14:42:35.178 [Forwarding findElement on session d9ed985b608ddcfca96314e2d825c546 to remote] DEBUG org.asynchttpclient.netty.request.NettyRequestSender - Using open Channel [id: 0x868887c3, L:/127.0.0.1:52211 - R:localhost/127.0.0.1:1897] for POST '/session/d9ed985b608ddcfca96314e2d825c546/element'
14:42:35.191 [AsyncHttpClient-1-2] DEBUG org.asynchttpclient.netty.handler.HttpHandler - 

Request DefaultHttpRequest(decodeResult: success, version: HTTP/1.1)
POST /session/d9ed985b608ddcfca96314e2d825c546/element HTTP/1.1
User-Agent: selenium/4.11.0 (java windows)
Content-Length: 79
Content-Type: application/json; charset=utf-8
host: localhost:1897
accept: */*

Response DefaultHttpResponse(decodeResult: success, version: HTTP/1.1)
HTTP/1.1 200 OK
Content-Length: 126
Content-Type: application/json; charset=utf-8
cache-control: no-cache

14:42:35.191 [AsyncHttpClient-1-2] DEBUG org.asynchttpclient.netty.channel.ChannelManager - Adding key: http://localhost:1897 for channel [id: 0x868887c3, L:/127.0.0.1:52211 - R:localhost/127.0.0.1:1897]
14:42:35.191 [Forwarding sendKeysToElement on session d9ed985b608ddcfca96314e2d825c546 to remote] DEBUG org.asynchttpclient.netty.request.NettyRequestSender - Using pooled Channel '[id: 0x868887c3, L:/127.0.0.1:52211 - R:localhost/127.0.0.1:1897]' for 'POST' to 'http://localhost:1897/session/d9ed985b608ddcfca96314e2d825c546/element/f.F3B1C949F44AE7CFC711F883959E0C6A.d.782EC64D0CD68F5562980664362404C8.e.59/value'
14:42:35.191 [Forwarding sendKeysToElement on session d9ed985b608ddcfca96314e2d825c546 to remote] DEBUG org.asynchttpclient.netty.request.NettyRequestSender - Using open Channel [id: 0x868887c3, L:/127.0.0.1:52211 - R:localhost/127.0.0.1:1897] for POST '/session/d9ed985b608ddcfca96314e2d825c546/element/f.F3B1C949F44AE7CFC711F883959E0C6A.d.782EC64D0CD68F5562980664362404C8.e.59/value'
14:42:35.236 [AsyncHttpClient-1-2] DEBUG org.asynchttpclient.netty.handler.HttpHandler - 

Request DefaultHttpRequest(decodeResult: success, version: HTTP/1.1)
POST /session/d9ed985b608ddcfca96314e2d825c546/element/f.F3B1C949F44AE7CFC711F883959E0C6A.d.782EC64D0CD68F5562980664362404C8.e.59/value HTTP/1.1
User-Agent: selenium/4.11.0 (java windows)
Content-Length: 159
Content-Type: application/json; charset=utf-8
host: localhost:1897
accept: */*

Response DefaultHttpResponse(decodeResult: success, version: HTTP/1.1)
HTTP/1.1 200 OK
Content-Length: 14
Content-Type: application/json; charset=utf-8
cache-control: no-cache

14:42:35.238 [AsyncHttpClient-1-2] DEBUG org.asynchttpclient.netty.channel.ChannelManager - Adding key: http://localhost:1897 for channel [id: 0x868887c3, L:/127.0.0.1:52211 - R:localhost/127.0.0.1:1897]
14:42:35.531 [AsyncHttpClient-1-1] DEBUG org.asynchttpclient.netty.channel.DefaultChannelPool - Entry count for : http://localhost:1897 : 1
14:42:35.531 [AsyncHttpClient-1-1] DEBUG org.asynchttpclient.netty.channel.DefaultChannelPool - Entry count for : http://localhost:52212 : 1
14:42:36.630 [AsyncHttpClient-1-1] DEBUG org.asynchttpclient.netty.channel.DefaultChannelPool - Entry count for : http://localhost:1897 : 1
14:42:36.632 [AsyncHttpClient-1-1] DEBUG org.asynchttpclient.netty.channel.DefaultChannelPool - Entry count for : http://localhost:52212 : 1
14:42:37.730 [AsyncHttpClient-1-1] DEBUG org.asynchttpclient.netty.channel.DefaultChannelPool - Entry count for : http://localhost:1897 : 1
14:42:37.730 [AsyncHttpClient-1-1] DEBUG org.asynchttpclient.netty.channel.DefaultChannelPool - Entry count for : http://localhost:52212 : 1
14:42:38.833 [AsyncHttpClient-1-1] DEBUG org.asynchttpclient.netty.channel.DefaultChannelPool - Entry count for : http://localhost:1897 : 1
14:42:38.833 [AsyncHttpClient-1-1] DEBUG org.asynchttpclient.netty.channel.DefaultChannelPool - Entry count for : http://localhost:52212 : 1
14:42:39.934 [AsyncHttpClient-1-1] DEBUG org.asynchttpclient.netty.channel.DefaultChannelPool - Entry count for : http://localhost:1897 : 1
14:42:39.934 [AsyncHttpClient-1-1] DEBUG org.asynchttpclient.netty.channel.DefaultChannelPool - Entry count for : http://localhost:52212 : 1
14:42:40.240 [Forwarding findElement on session d9ed985b608ddcfca96314e2d825c546 to remote] DEBUG org.asynchttpclient.netty.request.NettyRequestSender - Using pooled Channel '[id: 0x868887c3, L:/127.0.0.1:52211 - R:localhost/127.0.0.1:1897]' for 'POST' to 'http://localhost:1897/session/d9ed985b608ddcfca96314e2d825c546/element'
14:42:40.240 [Forwarding findElement on session d9ed985b608ddcfca96314e2d825c546 to remote] DEBUG org.asynchttpclient.netty.request.NettyRequestSender - Using open Channel [id: 0x868887c3, L:/127.0.0.1:52211 - R:localhost/127.0.0.1:1897] for POST '/session/d9ed985b608ddcfca96314e2d825c546/element'
14:42:40.250 [AsyncHttpClient-1-2] DEBUG org.asynchttpclient.netty.handler.HttpHandler - 

Request DefaultHttpRequest(decodeResult: success, version: HTTP/1.1)
POST /session/d9ed985b608ddcfca96314e2d825c546/element HTTP/1.1
User-Agent: selenium/4.11.0 (java windows)
Content-Length: 70
Content-Type: application/json; charset=utf-8
host: localhost:1897
accept: */*

Response DefaultHttpResponse(decodeResult: success, version: HTTP/1.1)
HTTP/1.1 200 OK
Content-Length: 126
Content-Type: application/json; charset=utf-8
cache-control: no-cache

14:42:40.251 [AsyncHttpClient-1-2] DEBUG org.asynchttpclient.netty.channel.ChannelManager - Adding key: http://localhost:1897 for channel [id: 0x868887c3, L:/127.0.0.1:52211 - R:localhost/127.0.0.1:1897]
14:42:40.251 [Forwarding clickElement on session d9ed985b608ddcfca96314e2d825c546 to remote] DEBUG org.asynchttpclient.netty.request.NettyRequestSender - Using pooled Channel '[id: 0x868887c3, L:/127.0.0.1:52211 - R:localhost/127.0.0.1:1897]' for 'POST' to 'http://localhost:1897/session/d9ed985b608ddcfca96314e2d825c546/element/f.F3B1C949F44AE7CFC711F883959E0C6A.d.782EC64D0CD68F5562980664362404C8.e.68/click'
14:42:40.252 [Forwarding clickElement on session d9ed985b608ddcfca96314e2d825c546 to remote] DEBUG org.asynchttpclient.netty.request.NettyRequestSender - Using open Channel [id: 0x868887c3, L:/127.0.0.1:52211 - R:localhost/127.0.0.1:1897] for POST '/session/d9ed985b608ddcfca96314e2d825c546/element/f.F3B1C949F44AE7CFC711F883959E0C6A.d.782EC64D0CD68F5562980664362404C8.e.68/click'
14:42:41.027 [AsyncHttpClient-1-1] DEBUG org.asynchttpclient.netty.channel.DefaultChannelPool - Entry count for : http://localhost:52212 : 1
14:42:41.776 [AsyncHttpClient-1-2] DEBUG org.asynchttpclient.netty.handler.HttpHandler - 

Request DefaultHttpRequest(decodeResult: success, version: HTTP/1.1)
POST /session/d9ed985b608ddcfca96314e2d825c546/element/f.F3B1C949F44AE7CFC711F883959E0C6A.d.782EC64D0CD68F5562980664362404C8.e.68/click HTTP/1.1
User-Agent: selenium/4.11.0 (java windows)
Content-Length: 88
Content-Type: application/json; charset=utf-8
host: localhost:1897
accept: */*

Response DefaultHttpResponse(decodeResult: success, version: HTTP/1.1)
HTTP/1.1 200 OK
Content-Length: 14
Content-Type: application/json; charset=utf-8
cache-control: no-cache

14:42:41.776 [AsyncHttpClient-1-2] DEBUG org.asynchttpclient.netty.channel.ChannelManager - Adding key: http://localhost:1897 for channel [id: 0x868887c3, L:/127.0.0.1:52211 - R:localhost/127.0.0.1:1897]
[INFO ] 2025-01-11 14:42:41.780 [main] TC001_LoginPageTest - ************* Successfully Logged in ************
14:42:41.782 [Forwarding getTitle on session d9ed985b608ddcfca96314e2d825c546 to remote] DEBUG org.asynchttpclient.netty.request.NettyRequestSender - Using pooled Channel '[id: 0x868887c3, L:/127.0.0.1:52211 - R:localhost/127.0.0.1:1897]' for 'GET' to 'http://localhost:1897/session/d9ed985b608ddcfca96314e2d825c546/title'
14:42:41.782 [Forwarding getTitle on session d9ed985b608ddcfca96314e2d825c546 to remote] DEBUG org.asynchttpclient.netty.request.NettyRequestSender - Using open Channel [id: 0x868887c3, L:/127.0.0.1:52211 - R:localhost/127.0.0.1:1897] for GET '/session/d9ed985b608ddcfca96314e2d825c546/title'
14:42:41.802 [AsyncHttpClient-1-2] DEBUG org.asynchttpclient.netty.handler.HttpHandler - 

Request DefaultFullHttpRequest(decodeResult: success, version: HTTP/1.1, content: EmptyByteBufBE)
GET /session/d9ed985b608ddcfca96314e2d825c546/title HTTP/1.1
User-Agent: selenium/4.11.0 (java windows)
Cache-Control: no-cache
Content-Type: application/json; charset=utf-8
host: localhost:1897
accept: */*

Response DefaultHttpResponse(decodeResult: success, version: HTTP/1.1)
HTTP/1.1 200 OK
Content-Length: 22
Content-Type: application/json; charset=utf-8
cache-control: no-cache

14:42:41.802 [AsyncHttpClient-1-2] DEBUG org.asynchttpclient.netty.channel.ChannelManager - Adding key: http://localhost:1897 for channel [id: 0x868887c3, L:/127.0.0.1:52211 - R:localhost/127.0.0.1:1897]
getTitle ======= My Account
14:42:41.808 [Forwarding getTitle on session d9ed985b608ddcfca96314e2d825c546 to remote] DEBUG org.asynchttpclient.netty.request.NettyRequestSender - Using pooled Channel '[id: 0x868887c3, L:/127.0.0.1:52211 - R:localhost/127.0.0.1:1897]' for 'GET' to 'http://localhost:1897/session/d9ed985b608ddcfca96314e2d825c546/title'
14:42:41.808 [Forwarding getTitle on session d9ed985b608ddcfca96314e2d825c546 to remote] DEBUG org.asynchttpclient.netty.request.NettyRequestSender - Using open Channel [id: 0x868887c3, L:/127.0.0.1:52211 - R:localhost/127.0.0.1:1897] for GET '/session/d9ed985b608ddcfca96314e2d825c546/title'
14:42:41.813 [AsyncHttpClient-1-2] DEBUG org.asynchttpclient.netty.handler.HttpHandler - 

Request DefaultFullHttpRequest(decodeResult: success, version: HTTP/1.1, content: EmptyByteBufBE)
GET /session/d9ed985b608ddcfca96314e2d825c546/title HTTP/1.1
User-Agent: selenium/4.11.0 (java windows)
Cache-Control: no-cache
Content-Type: application/json; charset=utf-8
host: localhost:1897
accept: */*

Response DefaultHttpResponse(decodeResult: success, version: HTTP/1.1)
HTTP/1.1 200 OK
Content-Length: 22
Content-Type: application/json; charset=utf-8
cache-control: no-cache

14:42:41.813 [AsyncHttpClient-1-2] DEBUG org.asynchttpclient.netty.channel.ChannelManager - Adding key: http://localhost:1897 for channel [id: 0x868887c3, L:/127.0.0.1:52211 - R:localhost/127.0.0.1:1897]
14:42:42.142 [AsyncHttpClient-1-1] DEBUG org.asynchttpclient.netty.channel.DefaultChannelPool - Entry count for : http://localhost:1897 : 1
14:42:42.142 [AsyncHttpClient-1-1] DEBUG org.asynchttpclient.netty.channel.DefaultChannelPool - Entry count for : http://localhost:52212 : 1
14:42:43.233 [AsyncHttpClient-1-1] DEBUG org.asynchttpclient.netty.channel.DefaultChannelPool - Entry count for : http://localhost:1897 : 1
14:42:43.233 [AsyncHttpClient-1-1] DEBUG org.asynchttpclient.netty.channel.DefaultChannelPool - Entry count for : http://localhost:52212 : 1
14:42:44.335 [AsyncHttpClient-1-1] DEBUG org.asynchttpclient.netty.channel.DefaultChannelPool - Entry count for : http://localhost:1897 : 1
14:42:44.337 [AsyncHttpClient-1-1] DEBUG org.asynchttpclient.netty.channel.DefaultChannelPool - Entry count for : http://localhost:52212 : 1
14:42:45.439 [AsyncHttpClient-1-1] DEBUG org.asynchttpclient.netty.channel.DefaultChannelPool - Entry count for : http://localhost:1897 : 1
14:42:45.439 [AsyncHttpClient-1-1] DEBUG org.asynchttpclient.netty.channel.DefaultChannelPool - Entry count for : http://localhost:52212 : 1
14:42:46.527 [AsyncHttpClient-1-1] DEBUG org.asynchttpclient.netty.channel.DefaultChannelPool - Entry count for : http://localhost:1897 : 1
14:42:46.527 [AsyncHttpClient-1-1] DEBUG org.asynchttpclient.netty.channel.DefaultChannelPool - Entry count for : http://localhost:52212 : 1
14:42:47.629 [AsyncHttpClient-1-1] DEBUG org.asynchttpclient.netty.channel.DefaultChannelPool - Entry count for : http://localhost:1897 : 1
14:42:47.629 [AsyncHttpClient-1-1] DEBUG org.asynchttpclient.netty.channel.DefaultChannelPool - Entry count for : http://localhost:52212 : 1
14:42:48.750 [AsyncHttpClient-1-1] DEBUG org.asynchttpclient.netty.channel.DefaultChannelPool - Entry count for : http://localhost:1897 : 1
14:42:48.750 [AsyncHttpClient-1-1] DEBUG org.asynchttpclient.netty.channel.DefaultChannelPool - Entry count for : http://localhost:52212 : 1
14:42:49.835 [AsyncHttpClient-1-1] DEBUG org.asynchttpclient.netty.channel.DefaultChannelPool - Entry count for : http://localhost:1897 : 1
14:42:49.835 [AsyncHttpClient-1-1] DEBUG org.asynchttpclient.netty.channel.DefaultChannelPool - Entry count for : http://localhost:52212 : 1
14:42:50.936 [AsyncHttpClient-1-1] DEBUG org.asynchttpclient.netty.channel.DefaultChannelPool - Entry count for : http://localhost:1897 : 1
14:42:50.936 [AsyncHttpClient-1-1] DEBUG org.asynchttpclient.netty.channel.DefaultChannelPool - Entry count for : http://localhost:52212 : 1
14:42:51.840 [Forwarding executeScript on session d9ed985b608ddcfca96314e2d825c546 to remote] DEBUG org.asynchttpclient.netty.request.NettyRequestSender - Using pooled Channel '[id: 0x868887c3, L:/127.0.0.1:52211 - R:localhost/127.0.0.1:1897]' for 'POST' to 'http://localhost:1897/session/d9ed985b608ddcfca96314e2d825c546/execute/sync'
14:42:51.840 [Forwarding executeScript on session d9ed985b608ddcfca96314e2d825c546 to remote] DEBUG org.asynchttpclient.netty.request.NettyRequestSender - Using open Channel [id: 0x868887c3, L:/127.0.0.1:52211 - R:localhost/127.0.0.1:1897] for POST '/session/d9ed985b608ddcfca96314e2d825c546/execute/sync'
14:42:51.860 [AsyncHttpClient-1-2] DEBUG org.asynchttpclient.netty.handler.HttpHandler - 

Request DefaultHttpRequest(decodeResult: success, version: HTTP/1.1)
POST /session/d9ed985b608ddcfca96314e2d825c546/execute/sync HTTP/1.1
User-Agent: selenium/4.11.0 (java windows)
Content-Length: 57
Content-Type: application/json; charset=utf-8
host: localhost:1897
accept: */*

Response DefaultHttpResponse(decodeResult: success, version: HTTP/1.1)
HTTP/1.1 200 OK
Content-Length: 14
Content-Type: application/json; charset=utf-8
cache-control: no-cache

14:42:51.860 [AsyncHttpClient-1-2] DEBUG org.asynchttpclient.netty.channel.ChannelManager - Adding key: http://localhost:1897 for channel [id: 0x868887c3, L:/127.0.0.1:52211 - R:localhost/127.0.0.1:1897]
14:42:51.870 [Forwarding findElement on session d9ed985b608ddcfca96314e2d825c546 to remote] DEBUG org.asynchttpclient.netty.request.NettyRequestSender - Using pooled Channel '[id: 0x868887c3, L:/127.0.0.1:52211 - R:localhost/127.0.0.1:1897]' for 'POST' to 'http://localhost:1897/session/d9ed985b608ddcfca96314e2d825c546/element'
14:42:51.870 [Forwarding findElement on session d9ed985b608ddcfca96314e2d825c546 to remote] DEBUG org.asynchttpclient.netty.request.NettyRequestSender - Using open Channel [id: 0x868887c3, L:/127.0.0.1:52211 - R:localhost/127.0.0.1:1897] for POST '/session/d9ed985b608ddcfca96314e2d825c546/element'
14:42:51.890 [AsyncHttpClient-1-2] DEBUG org.asynchttpclient.netty.handler.HttpHandler - 

Request DefaultHttpRequest(decodeResult: success, version: HTTP/1.1)
POST /session/d9ed985b608ddcfca96314e2d825c546/element HTTP/1.1
User-Agent: selenium/4.11.0 (java windows)
Content-Length: 134
Content-Type: application/json; charset=utf-8
host: localhost:1897
accept: */*

Response DefaultHttpResponse(decodeResult: success, version: HTTP/1.1)
HTTP/1.1 200 OK
Content-Length: 126
Content-Type: application/json; charset=utf-8
cache-control: no-cache

14:42:51.895 [AsyncHttpClient-1-2] DEBUG org.asynchttpclient.netty.channel.ChannelManager - Adding key: http://localhost:1897 for channel [id: 0x868887c3, L:/127.0.0.1:52211 - R:localhost/127.0.0.1:1897]
14:42:51.900 [Forwarding clickElement on session d9ed985b608ddcfca96314e2d825c546 to remote] DEBUG org.asynchttpclient.netty.request.NettyRequestSender - Using pooled Channel '[id: 0x868887c3, L:/127.0.0.1:52211 - R:localhost/127.0.0.1:1897]' for 'POST' to 'http://localhost:1897/session/d9ed985b608ddcfca96314e2d825c546/element/f.F3B1C949F44AE7CFC711F883959E0C6A.d.281ACF4D85504C3E448A2B54598289CE.e.82/click'
14:42:51.902 [Forwarding clickElement on session d9ed985b608ddcfca96314e2d825c546 to remote] DEBUG org.asynchttpclient.netty.request.NettyRequestSender - Using open Channel [id: 0x868887c3, L:/127.0.0.1:52211 - R:localhost/127.0.0.1:1897] for POST '/session/d9ed985b608ddcfca96314e2d825c546/element/f.F3B1C949F44AE7CFC711F883959E0C6A.d.281ACF4D85504C3E448A2B54598289CE.e.82/click'
14:42:52.031 [AsyncHttpClient-1-1] DEBUG org.asynchttpclient.netty.channel.DefaultChannelPool - Entry count for : http://localhost:52212 : 1
14:42:53.010 [AsyncHttpClient-1-2] DEBUG org.asynchttpclient.netty.handler.HttpHandler - 

Request DefaultHttpRequest(decodeResult: success, version: HTTP/1.1)
POST /session/d9ed985b608ddcfca96314e2d825c546/element/f.F3B1C949F44AE7CFC711F883959E0C6A.d.281ACF4D85504C3E448A2B54598289CE.e.82/click HTTP/1.1
User-Agent: selenium/4.11.0 (java windows)
Content-Length: 88
Content-Type: application/json; charset=utf-8
host: localhost:1897
accept: */*

Response DefaultHttpResponse(decodeResult: success, version: HTTP/1.1)
HTTP/1.1 200 OK
Content-Length: 14
Content-Type: application/json; charset=utf-8
cache-control: no-cache

14:42:53.012 [AsyncHttpClient-1-2] DEBUG org.asynchttpclient.netty.channel.ChannelManager - Adding key: http://localhost:1897 for channel [id: 0x868887c3, L:/127.0.0.1:52211 - R:localhost/127.0.0.1:1897]
14:42:53.143 [AsyncHttpClient-1-1] DEBUG org.asynchttpclient.netty.channel.DefaultChannelPool - Entry count for : http://localhost:1897 : 1
14:42:53.144 [AsyncHttpClient-1-1] DEBUG org.asynchttpclient.netty.channel.DefaultChannelPool - Entry count for : http://localhost:52212 : 1
14:42:54.242 [AsyncHttpClient-1-1] DEBUG org.asynchttpclient.netty.channel.DefaultChannelPool - Entry count for : http://localhost:1897 : 1
14:42:54.243 [AsyncHttpClient-1-1] DEBUG org.asynchttpclient.netty.channel.DefaultChannelPool - Entry count for : http://localhost:52212 : 1
14:42:55.333 [AsyncHttpClient-1-1] DEBUG org.asynchttpclient.netty.channel.DefaultChannelPool - Entry count for : http://localhost:1897 : 1
14:42:55.334 [AsyncHttpClient-1-1] DEBUG org.asynchttpclient.netty.channel.DefaultChannelPool - Entry count for : http://localhost:52212 : 1
14:42:56.428 [AsyncHttpClient-1-1] DEBUG org.asynchttpclient.netty.channel.DefaultChannelPool - Entry count for : http://localhost:1897 : 1
14:42:56.429 [AsyncHttpClient-1-1] DEBUG org.asynchttpclient.netty.channel.DefaultChannelPool - Entry count for : http://localhost:52212 : 1
14:42:57.528 [AsyncHttpClient-1-1] DEBUG org.asynchttpclient.netty.channel.DefaultChannelPool - Entry count for : http://localhost:1897 : 1
14:42:57.529 [AsyncHttpClient-1-1] DEBUG org.asynchttpclient.netty.channel.DefaultChannelPool - Entry count for : http://localhost:52212 : 1
]]></system-out>
    <system-err><![CDATA[Jan 11, 2025 2:42:28 PM org.openqa.selenium.devtools.CdpVersionFinder findNearestMatch
WARNING: Unable to find CDP implementation matching 131
Jan 11, 2025 2:42:28 PM org.openqa.selenium.chromium.ChromiumDriver lambda$new$5
WARNING: Unable to find version of CDP to use for 131.0.6778.265. You may need to include a dependency on a specific version of the CDP using something similar to `org.seleniumhq.selenium:selenium-devtools-v86:4.11.0` where the version ("v86") matches the version of the chromium-based browser you're using and the version number of the artifact is the same as Selenium's.
]]></system-err>
  </testcase>
</testsuite>